{"/home/travis/build/npmtest/node-npmtest-npm-check-updates/test.js":{"path":"/home/travis/build/npmtest/node-npmtest-npm-check-updates/test.js","s":{"1":2,"2":2,"3":2,"4":2,"5":2,"6":2,"7":2,"8":1,"9":2,"10":2,"11":1,"12":1,"13":1,"14":1,"15":2,"16":2,"17":2,"18":2,"19":1,"20":1,"21":2,"22":2,"23":2,"24":1,"25":1,"26":1,"27":1,"28":1,"29":1,"30":1,"31":1,"32":1,"33":1,"34":1,"35":1,"36":1,"37":1,"38":1,"39":2,"40":2,"41":1,"42":2,"43":2,"44":1,"45":2,"46":2,"47":1,"48":2,"49":2,"50":1,"51":1,"52":1,"53":1,"54":1},"b":{"1":[2,1,1,1],"2":[1,1,1,1],"3":[1,1],"4":[1,1],"5":[1,1],"6":[1,1],"7":[1,1],"8":[1,1],"9":[1,1],"10":[1,1,1],"11":[1,1],"12":[1,1],"13":[1,1],"14":[1,1],"15":[1,1],"16":[1,1],"17":[1,1]},"f":{"1":2,"2":2,"3":2,"4":2,"5":2,"6":1,"7":1,"8":1,"9":2,"10":2,"11":2,"12":2,"13":1},"fnMap":{"1":{"name":"(anonymous_1)","line":12,"loc":{"start":{"line":12,"column":1},"end":{"line":12,"column":13}}},"2":{"name":"(anonymous_2)","line":19,"loc":{"start":{"line":19,"column":5},"end":{"line":19,"column":17}}},"3":{"name":"(anonymous_3)","line":23,"loc":{"start":{"line":23,"column":24},"end":{"line":23,"column":36}}},"4":{"name":"(anonymous_4)","line":61,"loc":{"start":{"line":61,"column":5},"end":{"line":61,"column":17}}},"5":{"name":"(anonymous_5)","line":82,"loc":{"start":{"line":82,"column":5},"end":{"line":82,"column":17}}},"6":{"name":"(anonymous_6)","line":91,"loc":{"start":{"line":91,"column":77},"end":{"line":94,"column":10}}},"7":{"name":"(anonymous_7)","line":112,"loc":{"start":{"line":112,"column":83},"end":{"line":115,"column":10}},"skip":true},"8":{"name":"(anonymous_8)","line":123,"loc":{"start":{"line":123,"column":77},"end":{"line":126,"column":10}},"skip":true},"9":{"name":"(anonymous_9)","line":139,"loc":{"start":{"line":139,"column":12},"end":{"line":139,"column":40}},"skip":true},"10":{"name":"(anonymous_10)","line":147,"loc":{"start":{"line":147,"column":77},"end":{"line":150,"column":10}},"skip":true},"11":{"name":"(anonymous_11)","line":158,"loc":{"start":{"line":158,"column":83},"end":{"line":161,"column":10}},"skip":true},"12":{"name":"(anonymous_12)","line":169,"loc":{"start":{"line":169,"column":79},"end":{"line":172,"column":10}},"skip":true},"13":{"name":"(anonymous_13)","line":180,"loc":{"start":{"line":180,"column":75},"end":{"line":183,"column":10}},"skip":true}},"statementMap":{"1":{"start":{"line":12,"column":0},"end":{"line":195,"column":5}},"2":{"start":{"line":14,"column":4},"end":{"line":14,"column":14}},"3":{"start":{"line":19,"column":4},"end":{"line":56,"column":9}},"4":{"start":{"line":21,"column":8},"end":{"line":21,"column":19}},"5":{"start":{"line":23,"column":8},"end":{"line":35,"column":13}},"6":{"start":{"line":24,"column":12},"end":{"line":34,"column":13}},"7":{"start":{"line":25,"column":16},"end":{"line":28,"column":30}},"8":{"start":{"line":30,"column":16},"end":{"line":33,"column":27}},"9":{"start":{"line":37,"column":8},"end":{"line":39,"column":21}},"10":{"start":{"line":40,"column":8},"end":{"line":53,"column":9}},"11":{"start":{"line":43,"column":12},"end":{"line":46,"column":14}},"12":{"start":{"line":47,"column":12},"end":{"line":47,"column":18}},"13":{"start":{"line":50,"column":12},"end":{"line":51,"column":33}},"14":{"start":{"line":52,"column":12},"end":{"line":52,"column":18}},"15":{"start":{"line":55,"column":8},"end":{"line":55,"column":35}},"16":{"start":{"line":61,"column":4},"end":{"line":63,"column":9}},"17":{"start":{"line":62,"column":8},"end":{"line":62,"column":15}},"18":{"start":{"line":64,"column":4},"end":{"line":77,"column":5}},"19":{"start":{"line":70,"column":8},"end":{"line":70,"column":14}},"20":{"start":{"line":76,"column":8},"end":{"line":76,"column":14}},"21":{"start":{"line":82,"column":4},"end":{"line":84,"column":9}},"22":{"start":{"line":83,"column":8},"end":{"line":83,"column":15}},"23":{"start":{"line":85,"column":4},"end":{"line":194,"column":5}},"24":{"start":{"line":91,"column":8},"end":{"line":99,"column":10}},"25":{"start":{"line":98,"column":12},"end":{"line":98,"column":35}},"26":{"start":{"line":102,"column":8},"end":{"line":104,"column":63}},"27":{"start":{"line":105,"column":8},"end":{"line":105,"column":14}},"28":{"start":{"line":112,"column":8},"end":{"line":121,"column":10},"skip":true},"29":{"start":{"line":119,"column":12},"end":{"line":119,"column":55},"skip":true},"30":{"start":{"line":120,"column":12},"end":{"line":120,"column":48},"skip":true},"31":{"start":{"line":123,"column":8},"end":{"line":136,"column":10},"skip":true},"32":{"start":{"line":130,"column":12},"end":{"line":130,"column":76},"skip":true},"33":{"start":{"line":131,"column":12},"end":{"line":131,"column":73},"skip":true},"34":{"start":{"line":132,"column":12},"end":{"line":132,"column":74},"skip":true},"35":{"start":{"line":133,"column":12},"end":{"line":133,"column":79},"skip":true},"36":{"start":{"line":134,"column":12},"end":{"line":134,"column":25},"skip":true},"37":{"start":{"line":135,"column":12},"end":{"line":135,"column":45},"skip":true},"38":{"start":{"line":138,"column":8},"end":{"line":145,"column":14},"skip":true},"39":{"start":{"line":143,"column":16},"end":{"line":143,"column":29},"skip":true},"40":{"start":{"line":144,"column":16},"end":{"line":144,"column":55},"skip":true},"41":{"start":{"line":147,"column":8},"end":{"line":156,"column":10},"skip":true},"42":{"start":{"line":154,"column":12},"end":{"line":154,"column":25},"skip":true},"43":{"start":{"line":155,"column":12},"end":{"line":155,"column":45},"skip":true},"44":{"start":{"line":158,"column":8},"end":{"line":167,"column":10},"skip":true},"45":{"start":{"line":165,"column":12},"end":{"line":165,"column":25},"skip":true},"46":{"start":{"line":166,"column":12},"end":{"line":166,"column":48},"skip":true},"47":{"start":{"line":169,"column":8},"end":{"line":178,"column":10},"skip":true},"48":{"start":{"line":176,"column":12},"end":{"line":176,"column":25},"skip":true},"49":{"start":{"line":177,"column":12},"end":{"line":177,"column":46},"skip":true},"50":{"start":{"line":180,"column":8},"end":{"line":189,"column":10},"skip":true},"51":{"start":{"line":187,"column":12},"end":{"line":187,"column":94},"skip":true},"52":{"start":{"line":188,"column":12},"end":{"line":188,"column":48},"skip":true},"53":{"start":{"line":192,"column":8},"end":{"line":192,"column":35},"skip":true},"54":{"start":{"line":193,"column":8},"end":{"line":193,"column":14},"skip":true}},"branchMap":{"1":{"line":25,"type":"binary-expr","locations":[{"start":{"line":25,"column":23},"end":{"line":25,"column":62}},{"start":{"line":26,"column":20},"end":{"line":26,"column":70}},{"start":{"line":27,"column":20},"end":{"line":27,"column":71}},{"start":{"line":28,"column":20},"end":{"line":28,"column":29}}]},"2":{"line":30,"type":"binary-expr","locations":[{"start":{"line":30,"column":23},"end":{"line":30,"column":37}},{"start":{"line":31,"column":20},"end":{"line":31,"column":61}},{"start":{"line":32,"column":20},"end":{"line":32,"column":70}},{"start":{"line":33,"column":20},"end":{"line":33,"column":26}}]},"3":{"line":37,"type":"cond-expr","locations":[{"start":{"line":38,"column":14},"end":{"line":38,"column":20}},{"start":{"line":39,"column":14},"end":{"line":39,"column":20}}]},"4":{"line":40,"type":"switch","locations":[{"start":{"line":42,"column":8},"end":{"line":47,"column":18}},{"start":{"line":49,"column":8},"end":{"line":52,"column":18}}]},"5":{"line":44,"type":"binary-expr","locations":[{"start":{"line":44,"column":16},"end":{"line":44,"column":44}},{"start":{"line":44,"column":48},"end":{"line":44,"column":66}}]},"6":{"line":50,"type":"binary-expr","locations":[{"start":{"line":50,"column":21},"end":{"line":50,"column":49}},{"start":{"line":50,"column":53},"end":{"line":50,"column":72}}]},"7":{"line":64,"type":"switch","locations":[{"start":{"line":69,"column":4},"end":{"line":70,"column":14}},{"start":{"line":75,"column":4},"end":{"line":76,"column":14}}]},"8":{"line":85,"type":"switch","locations":[{"start":{"line":90,"column":4},"end":{"line":105,"column":14}},{"start":{"line":111,"column":4},"end":{"line":193,"column":14},"skip":true}]},"9":{"line":91,"type":"binary-expr","locations":[{"start":{"line":91,"column":42},"end":{"line":91,"column":73}},{"start":{"line":91,"column":77},"end":{"line":99,"column":9}}]},"10":{"line":102,"type":"binary-expr","locations":[{"start":{"line":102,"column":18},"end":{"line":102,"column":32}},{"start":{"line":103,"column":12},"end":{"line":103,"column":53}},{"start":{"line":104,"column":12},"end":{"line":104,"column":61}}]},"11":{"line":112,"type":"binary-expr","locations":[{"start":{"line":112,"column":45},"end":{"line":112,"column":79},"skip":true},{"start":{"line":112,"column":83},"end":{"line":121,"column":9},"skip":true}]},"12":{"line":123,"type":"binary-expr","locations":[{"start":{"line":123,"column":42},"end":{"line":123,"column":73},"skip":true},{"start":{"line":123,"column":77},"end":{"line":136,"column":9},"skip":true}]},"13":{"line":138,"type":"binary-expr","locations":[{"start":{"line":138,"column":48},"end":{"line":138,"column":85},"skip":true},{"start":{"line":139,"column":12},"end":{"line":145,"column":13},"skip":true}]},"14":{"line":147,"type":"binary-expr","locations":[{"start":{"line":147,"column":42},"end":{"line":147,"column":73},"skip":true},{"start":{"line":147,"column":77},"end":{"line":156,"column":9},"skip":true}]},"15":{"line":158,"type":"binary-expr","locations":[{"start":{"line":158,"column":45},"end":{"line":158,"column":79},"skip":true},{"start":{"line":158,"column":83},"end":{"line":167,"column":9},"skip":true}]},"16":{"line":169,"type":"binary-expr","locations":[{"start":{"line":169,"column":43},"end":{"line":169,"column":75},"skip":true},{"start":{"line":169,"column":79},"end":{"line":178,"column":9},"skip":true}]},"17":{"line":180,"type":"binary-expr","locations":[{"start":{"line":180,"column":41},"end":{"line":180,"column":71},"skip":true},{"start":{"line":180,"column":75},"end":{"line":189,"column":9},"skip":true}]}},"code":["/* istanbul instrument in package npmtest_npm_check_updates */","/*jslint","    bitwise: true,","    browser: true,","    maxerr: 8,","    maxlen: 96,","    node: true,","    nomen: true,","    regexp: true,","    stupid: true","*/","(function () {","    'use strict';","    var local;","","","","    // run shared js-env code - init-before","    (function () {","        // init local","        local = {};","        // init modeJs","        local.modeJs = (function () {","            try {","                return typeof navigator.userAgent === 'string' &&","                    typeof document.querySelector('body') === 'object' &&","                    typeof XMLHttpRequest.prototype.open === 'function' &&","                    'browser';","            } catch (errorCaughtBrowser) {","                return module.exports &&","                    typeof process.versions.node === 'string' &&","                    typeof require('http').createServer === 'function' &&","                    'node';","            }","        }());","        // init global","        local.global = local.modeJs === 'browser'","            ? window","            : global;","        switch (local.modeJs) {","        // re-init local from window.local","        case 'browser':","            local = local.global.utility2.objectSetDefault(","                local.global.utility2_rollup || local.global.local,","                local.global.utility2","            );","            break;","        // re-init local from example.js","        case 'node':","            local = (local.global.utility2_rollup || require('utility2'))","                .requireReadme();","            break;","        }","        // export local","        local.global.local = local;","    }());","","","","    // run shared js-env code - function","    (function () {","        return;","    }());","    switch (local.modeJs) {","","","","    // run browser js-env code - function","    case 'browser':","        break;","","","","    // run node js-env code - function","    case 'node':","        break;","    }","","","","    // run shared js-env code - init-after","    (function () {","        return;","    }());","    switch (local.modeJs) {","","","","    // run browser js-env code - init-after","    case 'browser':","        local.testCase_browser_nullCase = local.testCase_browser_nullCase || function (","            options,","            onError","        ) {","        /*","         * this function will test browsers's null-case handling-behavior-behavior","         */","            onError(null, options);","        };","","        // run tests","        local.nop(local.modeTest &&","            document.querySelector('#testRunButton1') &&","            document.querySelector('#testRunButton1').click());","        break;","","","","    // run node js-env code - init-after","    /* istanbul ignore next */","    case 'node':","        local.testCase_buildApidoc_default = local.testCase_buildApidoc_default || function (","            options,","            onError","        ) {","        /*","         * this function will test buildApidoc's default handling-behavior-behavior","         */","            options = { modulePathList: module.paths };","            local.buildApidoc(options, onError);","        };","","        local.testCase_buildApp_default = local.testCase_buildApp_default || function (","            options,","            onError","        ) {","        /*","         * this function will test buildApp's default handling-behavior-behavior","         */","            local.testCase_buildReadme_default(options, local.onErrorThrow);","            local.testCase_buildLib_default(options, local.onErrorThrow);","            local.testCase_buildTest_default(options, local.onErrorThrow);","            local.testCase_buildCustomOrg_default(options, local.onErrorThrow);","            options = [];","            local.buildApp(options, onError);","        };","","        local.testCase_buildCustomOrg_default = local.testCase_buildCustomOrg_default ||","            function (options, onError) {","            /*","             * this function will test buildCustomOrg's default handling-behavior","             */","                options = {};","                local.buildCustomOrg(options, onError);","            };","","        local.testCase_buildLib_default = local.testCase_buildLib_default || function (","            options,","            onError","        ) {","        /*","         * this function will test buildLib's default handling-behavior","         */","            options = {};","            local.buildLib(options, onError);","        };","","        local.testCase_buildReadme_default = local.testCase_buildReadme_default || function (","            options,","            onError","        ) {","        /*","         * this function will test buildReadme's default handling-behavior-behavior","         */","            options = {};","            local.buildReadme(options, onError);","        };","","        local.testCase_buildTest_default = local.testCase_buildTest_default || function (","            options,","            onError","        ) {","        /*","         * this function will test buildTest's default handling-behavior","         */","            options = {};","            local.buildTest(options, onError);","        };","","        local.testCase_webpage_default = local.testCase_webpage_default || function (","            options,","            onError","        ) {","        /*","         * this function will test webpage's default handling-behavior","         */","            options = { modeCoverageMerge: true, url: local.serverLocalHost + '?modeTest=1' };","            local.browserTest(options, onError);","        };","","        // run test-server","        local.testRunServer(local);","        break;","    }","}());",""],"l":{"12":2,"14":2,"19":2,"21":2,"23":2,"24":2,"25":2,"30":1,"37":2,"40":2,"43":1,"47":1,"50":1,"52":1,"55":2,"61":2,"62":2,"64":2,"70":1,"76":1,"82":2,"83":2,"85":2,"91":1,"98":1,"102":1,"105":1,"112":1,"119":1,"120":1,"123":1,"130":1,"131":1,"132":1,"133":1,"134":1,"135":1,"138":1,"143":2,"144":2,"147":1,"154":2,"155":2,"158":1,"165":2,"166":2,"169":1,"176":2,"177":2,"180":1,"187":1,"188":1,"192":1,"193":1}},"/home/travis/build/npmtest/node-npmtest-npm-check-updates/lib.npmtest_npm_check_updates.js":{"path":"/home/travis/build/npmtest/node-npmtest-npm-check-updates/lib.npmtest_npm_check_updates.js","s":{"1":2,"2":2,"3":2,"4":2,"5":2,"6":2,"7":2,"8":1,"9":2,"10":2,"11":2,"12":2,"13":1,"14":1,"15":1,"16":1},"b":{"1":[2,1,1,1],"2":[1,1,1,1],"3":[1,1],"4":[2,2],"5":[1,1]},"f":{"1":2,"2":2,"3":2},"fnMap":{"1":{"name":"(anonymous_1)","line":12,"loc":{"start":{"line":12,"column":1},"end":{"line":12,"column":13}}},"2":{"name":"(anonymous_2)","line":19,"loc":{"start":{"line":19,"column":5},"end":{"line":19,"column":17}}},"3":{"name":"(anonymous_3)","line":23,"loc":{"start":{"line":23,"column":24},"end":{"line":23,"column":36}}}},"statementMap":{"1":{"start":{"line":12,"column":0},"end":{"line":53,"column":5}},"2":{"start":{"line":14,"column":4},"end":{"line":14,"column":14}},"3":{"start":{"line":19,"column":4},"end":{"line":52,"column":9}},"4":{"start":{"line":21,"column":8},"end":{"line":21,"column":19}},"5":{"start":{"line":23,"column":8},"end":{"line":35,"column":13}},"6":{"start":{"line":24,"column":12},"end":{"line":34,"column":13}},"7":{"start":{"line":25,"column":16},"end":{"line":28,"column":30}},"8":{"start":{"line":30,"column":16},"end":{"line":33,"column":27}},"9":{"start":{"line":37,"column":8},"end":{"line":39,"column":21}},"10":{"start":{"line":41,"column":8},"end":{"line":41,"column":54}},"11":{"start":{"line":43,"column":8},"end":{"line":43,"column":62}},"12":{"start":{"line":45,"column":8},"end":{"line":51,"column":9}},"13":{"start":{"line":46,"column":12},"end":{"line":46,"column":68}},"14":{"start":{"line":48,"column":12},"end":{"line":48,"column":35}},"15":{"start":{"line":49,"column":12},"end":{"line":49,"column":49}},"16":{"start":{"line":50,"column":12},"end":{"line":50,"column":43}}},"branchMap":{"1":{"line":25,"type":"binary-expr","locations":[{"start":{"line":25,"column":23},"end":{"line":25,"column":62}},{"start":{"line":26,"column":20},"end":{"line":26,"column":70}},{"start":{"line":27,"column":20},"end":{"line":27,"column":71}},{"start":{"line":28,"column":20},"end":{"line":28,"column":29}}]},"2":{"line":30,"type":"binary-expr","locations":[{"start":{"line":30,"column":23},"end":{"line":30,"column":37}},{"start":{"line":31,"column":20},"end":{"line":31,"column":61}},{"start":{"line":32,"column":20},"end":{"line":32,"column":70}},{"start":{"line":33,"column":20},"end":{"line":33,"column":26}}]},"3":{"line":37,"type":"cond-expr","locations":[{"start":{"line":38,"column":14},"end":{"line":38,"column":20}},{"start":{"line":39,"column":14},"end":{"line":39,"column":20}}]},"4":{"line":41,"type":"binary-expr","locations":[{"start":{"line":41,"column":16},"end":{"line":41,"column":44}},{"start":{"line":41,"column":48},"end":{"line":41,"column":53}}]},"5":{"line":45,"type":"if","locations":[{"start":{"line":45,"column":8},"end":{"line":45,"column":8}},{"start":{"line":45,"column":8},"end":{"line":45,"column":8}}]}},"code":["/* istanbul instrument in package npmtest_npm_check_updates */","/*jslint","    bitwise: true,","    browser: true,","    maxerr: 8,","    maxlen: 96,","    node: true,","    nomen: true,","    regexp: true,","    stupid: true","*/","(function () {","    'use strict';","    var local;","","","","    // run shared js-env code - init-before","    (function () {","        // init local","        local = {};","        // init modeJs","        local.modeJs = (function () {","            try {","                return typeof navigator.userAgent === 'string' &&","                    typeof document.querySelector('body') === 'object' &&","                    typeof XMLHttpRequest.prototype.open === 'function' &&","                    'browser';","            } catch (errorCaughtBrowser) {","                return module.exports &&","                    typeof process.versions.node === 'string' &&","                    typeof require('http').createServer === 'function' &&","                    'node';","            }","        }());","        // init global","        local.global = local.modeJs === 'browser'","            ? window","            : global;","        // init utility2_rollup","        local = local.global.utility2_rollup || local;","        // init lib","        local.local = local.npmtest_npm_check_updates = local;","        // init exports","        if (local.modeJs === 'browser') {","            local.global.utility2_npmtest_npm_check_updates = local;","        } else {","            module.exports = local;","            module.exports.__dirname = __dirname;","            module.exports.module = module;","        }","    }());","}());",""],"l":{"12":2,"14":2,"19":2,"21":2,"23":2,"24":2,"25":2,"30":1,"37":2,"41":2,"43":2,"45":2,"46":1,"48":1,"49":1,"50":1}},"/home/travis/build/npmtest/node-npmtest-npm-check-updates/example.js":{"path":"/home/travis/build/npmtest/node-npmtest-npm-check-updates/example.js","s":{"1":2,"2":2,"3":2,"4":2,"5":2,"6":2,"7":2,"8":1,"9":2,"10":2,"11":2,"12":2,"13":1,"14":2,"15":2,"16":2,"17":2,"18":2,"19":0,"20":2,"21":1,"22":1,"23":1,"24":1,"25":1,"26":0,"27":0,"28":1,"29":1,"30":2,"31":0,"32":0,"33":0,"34":1,"35":2,"36":2,"37":3,"38":3,"39":3,"40":3,"41":0,"42":3,"43":3,"44":3,"45":1,"46":3,"47":1,"48":1,"49":1,"50":1,"51":1,"52":1,"53":1,"54":1,"55":1,"56":1,"57":0,"58":1,"59":6,"60":6,"61":1,"62":2,"63":0,"64":2,"65":1,"66":1,"67":0,"68":0,"69":0,"70":0,"71":0,"72":0,"73":0,"74":0,"75":0,"76":0,"77":0,"78":0,"79":0,"80":0,"81":0,"82":0,"83":0},"b":{"1":[2,1,1,1],"2":[1,1,1,1],"3":[1,1],"4":[2,2],"5":[1,1],"6":[1,1],"7":[2,0],"8":[2,1,1,1,1,1],"9":[0,2,0],"10":[1,1],"11":[2,1,1],"12":[1,0],"13":[0,2],"14":[2,0,0,0,0,0,0],"15":[0,3],"16":[3,0],"17":[1,1],"18":[0,1],"19":[1,2,0,2],"20":[1,0],"21":[1,1],"22":[0,0],"23":[0,0],"24":[0,0],"25":[0,0],"26":[0,0],"27":[0,0],"28":[0,0]},"f":{"1":2,"2":2,"3":2,"4":2,"5":2,"6":2,"7":3,"8":3,"9":3,"10":1,"11":6,"12":0},"fnMap":{"1":{"name":"(anonymous_1)","line":26,"loc":{"start":{"line":26,"column":1},"end":{"line":26,"column":13}}},"2":{"name":"(anonymous_2)","line":33,"loc":{"start":{"line":33,"column":5},"end":{"line":33,"column":17}}},"3":{"name":"(anonymous_3)","line":37,"loc":{"start":{"line":37,"column":24},"end":{"line":37,"column":36}}},"4":{"name":"(anonymous_4)","line":69,"loc":{"start":{"line":69,"column":31},"end":{"line":69,"column":48}},"skip":true},"5":{"name":"(anonymous_5)","line":78,"loc":{"start":{"line":78,"column":26},"end":{"line":78,"column":45}},"skip":true},"6":{"name":"(anonymous_6)","line":123,"loc":{"start":{"line":123,"column":33},"end":{"line":123,"column":48}},"skip":true},"7":{"name":"(anonymous_7)","line":125,"loc":{"start":{"line":125,"column":27},"end":{"line":125,"column":39}},"skip":true},"8":{"name":"(anonymous_8)","line":133,"loc":{"start":{"line":133,"column":59},"end":{"line":133,"column":74}},"skip":true},"9":{"name":"(anonymous_9)","line":143,"loc":{"start":{"line":143,"column":45},"end":{"line":143,"column":62}},"skip":true},"10":{"name":"(anonymous_10)","line":144,"loc":{"start":{"line":144,"column":73},"end":{"line":144,"column":92}},"skip":true},"11":{"name":"(anonymous_11)","line":272,"loc":{"start":{"line":272,"column":51},"end":{"line":272,"column":77}},"skip":true},"12":{"name":"(anonymous_12)","line":315,"loc":{"start":{"line":315,"column":32},"end":{"line":315,"column":61}},"skip":true}},"statementMap":{"1":{"start":{"line":26,"column":0},"end":{"line":326,"column":5}},"2":{"start":{"line":28,"column":4},"end":{"line":28,"column":14}},"3":{"start":{"line":33,"column":4},"end":{"line":60,"column":9}},"4":{"start":{"line":35,"column":8},"end":{"line":35,"column":19}},"5":{"start":{"line":37,"column":8},"end":{"line":49,"column":13}},"6":{"start":{"line":38,"column":12},"end":{"line":48,"column":13}},"7":{"start":{"line":39,"column":16},"end":{"line":42,"column":30}},"8":{"start":{"line":44,"column":16},"end":{"line":47,"column":27}},"9":{"start":{"line":51,"column":8},"end":{"line":53,"column":21}},"10":{"start":{"line":55,"column":8},"end":{"line":57,"column":45}},"11":{"start":{"line":59,"column":8},"end":{"line":59,"column":35}},"12":{"start":{"line":61,"column":4},"end":{"line":325,"column":5}},"13":{"start":{"line":69,"column":8},"end":{"line":121,"column":10},"skip":true},"14":{"start":{"line":70,"column":12},"end":{"line":88,"column":13},"skip":true},"15":{"start":{"line":76,"column":16},"end":{"line":87,"column":19},"skip":true},"16":{"start":{"line":79,"column":20},"end":{"line":86,"column":21},"skip":true},"17":{"start":{"line":82,"column":24},"end":{"line":82,"column":43},"skip":true},"18":{"start":{"line":83,"column":24},"end":{"line":83,"column":30},"skip":true},"19":{"start":{"line":85,"column":24},"end":{"line":85,"column":49},"skip":true},"20":{"start":{"line":89,"column":12},"end":{"line":107,"column":13},"skip":true},"21":{"start":{"line":92,"column":16},"end":{"line":102,"column":17},"skip":true},"22":{"start":{"line":93,"column":20},"end":{"line":93,"column":86},"skip":true},"23":{"start":{"line":94,"column":20},"end":{"line":95,"column":45},"skip":true},"24":{"start":{"line":96,"column":20},"end":{"line":96,"column":42},"skip":true},"25":{"start":{"line":97,"column":20},"end":{"line":97,"column":48},"skip":true},"26":{"start":{"line":100,"column":20},"end":{"line":100,"column":85},"skip":true},"27":{"start":{"line":101,"column":20},"end":{"line":101,"column":96},"skip":true},"28":{"start":{"line":103,"column":16},"end":{"line":103,"column":22},"skip":true},"29":{"start":{"line":106,"column":16},"end":{"line":106,"column":22},"skip":true},"30":{"start":{"line":108,"column":12},"end":{"line":120,"column":13},"skip":true},"31":{"start":{"line":114,"column":16},"end":{"line":119,"column":17},"skip":true},"32":{"start":{"line":116,"column":20},"end":{"line":116,"column":78},"skip":true},"33":{"start":{"line":118,"column":20},"end":{"line":118,"column":47},"skip":true},"34":{"start":{"line":123,"column":8},"end":{"line":141,"column":11},"skip":true},"35":{"start":{"line":124,"column":12},"end":{"line":124,"column":54},"skip":true},"36":{"start":{"line":125,"column":12},"end":{"line":140,"column":14},"skip":true},"37":{"start":{"line":126,"column":16},"end":{"line":126,"column":28},"skip":true},"38":{"start":{"line":127,"column":16},"end":{"line":127,"column":69},"skip":true},"39":{"start":{"line":128,"column":16},"end":{"line":128,"column":75},"skip":true},"40":{"start":{"line":129,"column":16},"end":{"line":131,"column":17},"skip":true},"41":{"start":{"line":130,"column":20},"end":{"line":130,"column":27},"skip":true},"42":{"start":{"line":133,"column":16},"end":{"line":137,"column":36},"skip":true},"43":{"start":{"line":134,"column":20},"end":{"line":136,"column":55},"skip":true},"44":{"start":{"line":139,"column":16},"end":{"line":139,"column":57},"skip":true},"45":{"start":{"line":143,"column":8},"end":{"line":147,"column":11},"skip":true},"46":{"start":{"line":144,"column":12},"end":{"line":146,"column":15},"skip":true},"47":{"start":{"line":145,"column":16},"end":{"line":145,"column":70},"skip":true},"48":{"start":{"line":149,"column":8},"end":{"line":149,"column":31},"skip":true},"49":{"start":{"line":150,"column":8},"end":{"line":150,"column":14},"skip":true},"50":{"start":{"line":158,"column":8},"end":{"line":158,"column":31},"skip":true},"51":{"start":{"line":160,"column":8},"end":{"line":160,"column":33},"skip":true},"52":{"start":{"line":161,"column":8},"end":{"line":161,"column":37},"skip":true},"53":{"start":{"line":162,"column":8},"end":{"line":162,"column":35},"skip":true},"54":{"start":{"line":164,"column":8},"end":{"line":164,"column":50},"skip":true},"55":{"start":{"line":166,"column":8},"end":{"line":256,"column":2},"skip":true},"56":{"start":{"line":258,"column":8},"end":{"line":286,"column":9},"skip":true},"57":{"start":{"line":259,"column":12},"end":{"line":269,"column":14},"skip":true},"58":{"start":{"line":271,"column":12},"end":{"line":285,"column":19},"skip":true},"59":{"start":{"line":274,"column":20},"end":{"line":274,"column":35},"skip":true},"60":{"start":{"line":275,"column":20},"end":{"line":284,"column":21},"skip":true},"61":{"start":{"line":277,"column":24},"end":{"line":277,"column":64},"skip":true},"62":{"start":{"line":279,"column":24},"end":{"line":279,"column":40},"skip":true},"63":{"start":{"line":281,"column":24},"end":{"line":281,"column":40},"skip":true},"64":{"start":{"line":283,"column":24},"end":{"line":283,"column":39},"skip":true},"65":{"start":{"line":288,"column":8},"end":{"line":290,"column":9},"skip":true},"66":{"start":{"line":289,"column":12},"end":{"line":289,"column":18},"skip":true},"67":{"start":{"line":291,"column":8},"end":{"line":293,"column":54},"skip":true},"68":{"start":{"line":296,"column":8},"end":{"line":301,"column":37},"skip":true},"69":{"start":{"line":303,"column":8},"end":{"line":303,"column":82},"skip":true},"70":{"start":{"line":306,"column":8},"end":{"line":308,"column":9},"skip":true},"71":{"start":{"line":307,"column":12},"end":{"line":307,"column":82},"skip":true},"72":{"start":{"line":310,"column":8},"end":{"line":312,"column":9},"skip":true},"73":{"start":{"line":311,"column":12},"end":{"line":311,"column":18},"skip":true},"74":{"start":{"line":313,"column":8},"end":{"line":313,"column":54},"skip":true},"75":{"start":{"line":314,"column":8},"end":{"line":314,"column":69},"skip":true},"76":{"start":{"line":315,"column":8},"end":{"line":323,"column":36},"skip":true},"77":{"start":{"line":316,"column":12},"end":{"line":316,"column":61},"skip":true},"78":{"start":{"line":317,"column":12},"end":{"line":320,"column":13},"skip":true},"79":{"start":{"line":318,"column":16},"end":{"line":318,"column":75},"skip":true},"80":{"start":{"line":319,"column":16},"end":{"line":319,"column":23},"skip":true},"81":{"start":{"line":321,"column":12},"end":{"line":321,"column":38},"skip":true},"82":{"start":{"line":322,"column":12},"end":{"line":322,"column":27},"skip":true},"83":{"start":{"line":324,"column":8},"end":{"line":324,"column":14},"skip":true}},"branchMap":{"1":{"line":39,"type":"binary-expr","locations":[{"start":{"line":39,"column":23},"end":{"line":39,"column":62}},{"start":{"line":40,"column":20},"end":{"line":40,"column":70}},{"start":{"line":41,"column":20},"end":{"line":41,"column":71}},{"start":{"line":42,"column":20},"end":{"line":42,"column":29}}]},"2":{"line":44,"type":"binary-expr","locations":[{"start":{"line":44,"column":23},"end":{"line":44,"column":37}},{"start":{"line":45,"column":20},"end":{"line":45,"column":61}},{"start":{"line":46,"column":20},"end":{"line":46,"column":70}},{"start":{"line":47,"column":20},"end":{"line":47,"column":26}}]},"3":{"line":51,"type":"cond-expr","locations":[{"start":{"line":52,"column":14},"end":{"line":52,"column":20}},{"start":{"line":53,"column":14},"end":{"line":53,"column":20}}]},"4":{"line":55,"type":"binary-expr","locations":[{"start":{"line":55,"column":16},"end":{"line":55,"column":44}},{"start":{"line":55,"column":49},"end":{"line":57,"column":43}}]},"5":{"line":55,"type":"cond-expr","locations":[{"start":{"line":56,"column":14},"end":{"line":56,"column":61}},{"start":{"line":57,"column":14},"end":{"line":57,"column":43}}]},"6":{"line":61,"type":"switch","locations":[{"start":{"line":68,"column":4},"end":{"line":150,"column":14},"skip":true},{"start":{"line":156,"column":4},"end":{"line":324,"column":14},"skip":true}]},"7":{"line":70,"type":"if","locations":[{"start":{"line":70,"column":12},"end":{"line":70,"column":12},"skip":true},{"start":{"line":70,"column":12},"end":{"line":70,"column":12},"skip":true}]},"8":{"line":70,"type":"binary-expr","locations":[{"start":{"line":70,"column":16},"end":{"line":70,"column":22},"skip":true},{"start":{"line":70,"column":27},"end":{"line":70,"column":32},"skip":true},{"start":{"line":71,"column":20},"end":{"line":71,"column":39},"skip":true},{"start":{"line":72,"column":20},"end":{"line":72,"column":49},"skip":true},{"start":{"line":73,"column":20},"end":{"line":73,"column":58},"skip":true},{"start":{"line":74,"column":20},"end":{"line":74,"column":69},"skip":true}]},"9":{"line":79,"type":"switch","locations":[{"start":{"line":80,"column":20},"end":{"line":80,"column":33},"skip":true},{"start":{"line":81,"column":20},"end":{"line":83,"column":30},"skip":true},{"start":{"line":84,"column":20},"end":{"line":85,"column":49},"skip":true}]},"10":{"line":89,"type":"switch","locations":[{"start":{"line":90,"column":12},"end":{"line":103,"column":22},"skip":true},{"start":{"line":105,"column":12},"end":{"line":106,"column":22},"skip":true}]},"11":{"line":89,"type":"binary-expr","locations":[{"start":{"line":89,"column":20},"end":{"line":89,"column":25},"skip":true},{"start":{"line":89,"column":29},"end":{"line":89,"column":48},"skip":true},{"start":{"line":89,"column":52},"end":{"line":89,"column":74},"skip":true}]},"12":{"line":92,"type":"if","locations":[{"start":{"line":92,"column":16},"end":{"line":92,"column":16},"skip":true},{"start":{"line":92,"column":16},"end":{"line":92,"column":16},"skip":true}]},"13":{"line":108,"type":"if","locations":[{"start":{"line":108,"column":12},"end":{"line":108,"column":12},"skip":true},{"start":{"line":108,"column":12},"end":{"line":108,"column":12},"skip":true}]},"14":{"line":108,"type":"binary-expr","locations":[{"start":{"line":108,"column":16},"end":{"line":108,"column":61},"skip":true},{"start":{"line":108,"column":66},"end":{"line":108,"column":72},"skip":true},{"start":{"line":108,"column":77},"end":{"line":108,"column":82},"skip":true},{"start":{"line":109,"column":20},"end":{"line":109,"column":39},"skip":true},{"start":{"line":110,"column":20},"end":{"line":110,"column":49},"skip":true},{"start":{"line":111,"column":20},"end":{"line":111,"column":58},"skip":true},{"start":{"line":112,"column":20},"end":{"line":112,"column":68},"skip":true}]},"15":{"line":129,"type":"if","locations":[{"start":{"line":129,"column":16},"end":{"line":129,"column":16},"skip":true},{"start":{"line":129,"column":16},"end":{"line":129,"column":16},"skip":true}]},"16":{"line":134,"type":"cond-expr","locations":[{"start":{"line":135,"column":26},"end":{"line":135,"column":29},"skip":true},{"start":{"line":136,"column":26},"end":{"line":136,"column":54},"skip":true}]},"17":{"line":164,"type":"binary-expr","locations":[{"start":{"line":164,"column":27},"end":{"line":164,"column":43},"skip":true},{"start":{"line":164,"column":47},"end":{"line":164,"column":49},"skip":true}]},"18":{"line":258,"type":"if","locations":[{"start":{"line":258,"column":8},"end":{"line":258,"column":8},"skip":true},{"start":{"line":258,"column":8},"end":{"line":258,"column":8},"skip":true}]},"19":{"line":275,"type":"switch","locations":[{"start":{"line":276,"column":20},"end":{"line":277,"column":64},"skip":true},{"start":{"line":278,"column":20},"end":{"line":279,"column":40},"skip":true},{"start":{"line":280,"column":20},"end":{"line":281,"column":40},"skip":true},{"start":{"line":282,"column":20},"end":{"line":283,"column":39},"skip":true}]},"20":{"line":288,"type":"if","locations":[{"start":{"line":288,"column":8},"end":{"line":288,"column":8},"skip":true},{"start":{"line":288,"column":8},"end":{"line":288,"column":8},"skip":true}]},"21":{"line":288,"type":"binary-expr","locations":[{"start":{"line":288,"column":12},"end":{"line":288,"column":40},"skip":true},{"start":{"line":288,"column":44},"end":{"line":288,"column":67},"skip":true}]},"22":{"line":292,"type":"binary-expr","locations":[{"start":{"line":292,"column":12},"end":{"line":292,"column":50},"skip":true},{"start":{"line":293,"column":12},"end":{"line":293,"column":53},"skip":true}]},"23":{"line":297,"type":"binary-expr","locations":[{"start":{"line":297,"column":12},"end":{"line":297,"column":75},"skip":true},{"start":{"line":298,"column":12},"end":{"line":301,"column":36},"skip":true}]},"24":{"line":303,"type":"binary-expr","locations":[{"start":{"line":303,"column":43},"end":{"line":303,"column":75},"skip":true},{"start":{"line":303,"column":79},"end":{"line":303,"column":81},"skip":true}]},"25":{"line":306,"type":"if","locations":[{"start":{"line":306,"column":8},"end":{"line":306,"column":8},"skip":true},{"start":{"line":306,"column":8},"end":{"line":306,"column":8},"skip":true}]},"26":{"line":310,"type":"if","locations":[{"start":{"line":310,"column":8},"end":{"line":310,"column":8},"skip":true},{"start":{"line":310,"column":8},"end":{"line":310,"column":8},"skip":true}]},"27":{"line":313,"type":"binary-expr","locations":[{"start":{"line":313,"column":27},"end":{"line":313,"column":43},"skip":true},{"start":{"line":313,"column":47},"end":{"line":313,"column":53},"skip":true}]},"28":{"line":317,"type":"if","locations":[{"start":{"line":317,"column":12},"end":{"line":317,"column":12},"skip":true},{"start":{"line":317,"column":12},"end":{"line":317,"column":12},"skip":true}]}},"code":["/*","example.js","","quickstart example","","instruction","    1. save this script as example.js","    2. run the shell command:","        $ npm install npmtest-npm-check-updates && PORT=8081 node example.js","    3. play with the browser-demo on http://127.0.0.1:8081","*/","","","","/* istanbul instrument in package npmtest_npm_check_updates */","/*jslint","    bitwise: true,","    browser: true,","    maxerr: 8,","    maxlen: 96,","    node: true,","    nomen: true,","    regexp: true,","    stupid: true","*/","(function () {","    'use strict';","    var local;","","","","    // run shared js-env code - init-before","    (function () {","        // init local","        local = {};","        // init modeJs","        local.modeJs = (function () {","            try {","                return typeof navigator.userAgent === 'string' &&","                    typeof document.querySelector('body') === 'object' &&","                    typeof XMLHttpRequest.prototype.open === 'function' &&","                    'browser';","            } catch (errorCaughtBrowser) {","                return module.exports &&","                    typeof process.versions.node === 'string' &&","                    typeof require('http').createServer === 'function' &&","                    'node';","            }","        }());","        // init global","        local.global = local.modeJs === 'browser'","            ? window","            : global;","        // init utility2_rollup","        local = local.global.utility2_rollup || (local.modeJs === 'browser'","            ? local.global.utility2_npmtest_npm_check_updates","            : global.utility2_moduleExports);","        // export local","        local.global.local = local;","    }());","    switch (local.modeJs) {","","","","    // init-after","    // run browser js-env code - init-after","    /* istanbul ignore next */","    case 'browser':","        local.testRunBrowser = function (event) {","            if (!event || (event &&","                    event.currentTarget &&","                    event.currentTarget.className &&","                    event.currentTarget.className.includes &&","                    event.currentTarget.className.includes('onreset'))) {","                // reset output","                Array.from(","                    document.querySelectorAll('body > .resettable')","                ).forEach(function (element) {","                    switch (element.tagName) {","                    case 'INPUT':","                    case 'TEXTAREA':","                        element.value = '';","                        break;","                    default:","                        element.textContent = '';","                    }","                });","            }","            switch (event && event.currentTarget && event.currentTarget.id) {","            case 'testRunButton1':","                // show tests","                if (document.querySelector('#testReportDiv1').style.display === 'none') {","                    document.querySelector('#testReportDiv1').style.display = 'block';","                    document.querySelector('#testRunButton1').textContent =","                        'hide internal test';","                    local.modeTest = true;","                    local.testRunDefault(local);","                // hide tests","                } else {","                    document.querySelector('#testReportDiv1').style.display = 'none';","                    document.querySelector('#testRunButton1').textContent = 'run internal test';","                }","                break;","            // custom-case","            default:","                break;","            }","            if (document.querySelector('#inputTextareaEval1') && (!event || (event &&","                    event.currentTarget &&","                    event.currentTarget.className &&","                    event.currentTarget.className.includes &&","                    event.currentTarget.className.includes('oneval')))) {","                // try to eval input-code","                try {","                    /*jslint evil: true*/","                    eval(document.querySelector('#inputTextareaEval1').value);","                } catch (errorCaught) {","                    console.error(errorCaught);","                }","            }","        };","        // log stderr and stdout to #outputTextareaStdout1","        ['error', 'log'].forEach(function (key) {","            console[key + '_original'] = console[key];","            console[key] = function () {","                var element;","                console[key + '_original'].apply(console, arguments);","                element = document.querySelector('#outputTextareaStdout1');","                if (!element) {","                    return;","                }","                // append text to #outputTextareaStdout1","                element.value += Array.from(arguments).map(function (arg) {","                    return typeof arg === 'string'","                        ? arg","                        : JSON.stringify(arg, null, 4);","                }).join(' ') + '\\n';","                // scroll textarea to bottom","                element.scrollTop = element.scrollHeight;","            };","        });","        // init event-handling","        ['change', 'click', 'keyup'].forEach(function (event) {","            Array.from(document.querySelectorAll('.on' + event)).forEach(function (element) {","                element.addEventListener(event, local.testRunBrowser);","            });","        });","        // run tests","        local.testRunBrowser();","        break;","","","","    // run node js-env code - init-after","    /* istanbul ignore next */","    case 'node':","        // export local","        module.exports = local;","        // require modules","        local.fs = require('fs');","        local.http = require('http');","        local.url = require('url');","        // init assets","        local.assetsDict = local.assetsDict || {};","        /* jslint-ignore-begin */","        local.assetsDict['/assets.index.template.html'] = '\\","<!doctype html>\\n\\","<html lang=\"en\">\\n\\","<head>\\n\\","<meta charset=\"UTF-8\">\\n\\","<meta name=\"viewport\" content=\"width=device-width, initial-scale=1\">\\n\\","<title>{{env.npm_package_name}} (v{{env.npm_package_version}})</title>\\n\\","<style>\\n\\","/*csslint\\n\\","    box-sizing: false,\\n\\","    universal-selector: false\\n\\","*/\\n\\","* {\\n\\","    box-sizing: border-box;\\n\\","}\\n\\","body {\\n\\","    background: #dde;\\n\\","    font-family: Arial, Helvetica, sans-serif;\\n\\","    margin: 2rem;\\n\\","}\\n\\","body > * {\\n\\","    margin-bottom: 1rem;\\n\\","}\\n\\",".utility2FooterDiv {\\n\\","    margin-top: 20px;\\n\\","    text-align: center;\\n\\","}\\n\\","</style>\\n\\","<style>\\n\\","/*csslint\\n\\","*/\\n\\","textarea {\\n\\","    font-family: monospace;\\n\\","    height: 10rem;\\n\\","    width: 100%;\\n\\","}\\n\\","textarea[readonly] {\\n\\","    background: #ddd;\\n\\","}\\n\\","</style>\\n\\","</head>\\n\\","<body>\\n\\","<!-- utility2-comment\\n\\","<div id=\"ajaxProgressDiv1\" style=\"background: #d00; height: 2px; left: 0; margin: 0; padding: 0; position: fixed; top: 0; transition: background 0.5s, width 1.5s; width: 25%;\"></div>\\n\\","utility2-comment -->\\n\\","<h1>\\n\\","<!-- utility2-comment\\n\\","    <a\\n\\","        {{#if env.npm_package_homepage}}\\n\\","        href=\"{{env.npm_package_homepage}}\"\\n\\","        {{/if env.npm_package_homepage}}\\n\\","        target=\"_blank\"\\n\\","    >\\n\\","utility2-comment -->\\n\\","        {{env.npm_package_name}} (v{{env.npm_package_version}})\\n\\","<!-- utility2-comment\\n\\","    </a>\\n\\","utility2-comment -->\\n\\","</h1>\\n\\","<h3>{{env.npm_package_description}}</h3>\\n\\","<!-- utility2-comment\\n\\","<h4><a download href=\"assets.app.js\">download standalone app</a></h4>\\n\\","<button class=\"onclick onreset\" id=\"testRunButton1\">run internal test</button><br>\\n\\","<div id=\"testReportDiv1\" style=\"display: none;\"></div>\\n\\","utility2-comment -->\\n\\","\\n\\","\\n\\","\\n\\","<label>stderr and stdout</label>\\n\\","<textarea class=\"resettable\" id=\"outputTextareaStdout1\" readonly></textarea>\\n\\","<!-- utility2-comment\\n\\","{{#if isRollup}}\\n\\","<script src=\"assets.app.js\"></script>\\n\\","{{#unless isRollup}}\\n\\","utility2-comment -->\\n\\","<script src=\"assets.utility2.rollup.js\"></script>\\n\\","<script src=\"jsonp.utility2._stateInit?callback=window.utility2._stateInit\"></script>\\n\\","<script src=\"assets.npmtest_npm_check_updates.rollup.js\"></script>\\n\\","<script src=\"assets.example.js\"></script>\\n\\","<script src=\"assets.test.js\"></script>\\n\\","<!-- utility2-comment\\n\\","{{/if isRollup}}\\n\\","utility2-comment -->\\n\\","<div class=\"utility2FooterDiv\">\\n\\","    [ this app was created with\\n\\","    <a href=\"https://github.com/kaizhu256/node-utility2\" target=\"_blank\">utility2</a>\\n\\","    ]\\n\\","</div>\\n\\","</body>\\n\\","</html>\\n\\","';","        /* jslint-ignore-end */","        if (local.templateRender) {","            local.assetsDict['/'] = local.templateRender(","                local.assetsDict['/assets.index.template.html'],","                {","                    env: local.objectSetDefault(local.env, {","                        npm_package_description: 'the greatest app in the world!',","                        npm_package_name: 'my-app',","                        npm_package_nameAlias: 'my_app',","                        npm_package_version: '0.0.1'","                    })","                }","            );","        } else {","            local.assetsDict['/'] = local.assetsDict['/assets.index.template.html']","                .replace((/\\{\\{env\\.(\\w+?)\\}\\}/g), function (match0, match1) {","                    // jslint-hack","                    String(match0);","                    switch (match1) {","                    case 'npm_package_description':","                        return 'the greatest app in the world!';","                    case 'npm_package_name':","                        return 'my-app';","                    case 'npm_package_nameAlias':","                        return 'my_app';","                    case 'npm_package_version':","                        return '0.0.1';","                    }","                });","        }","        // run the cli","        if (local.global.utility2_rollup || module !== require.main) {","            break;","        }","        local.assetsDict['/assets.example.js'] =","            local.assetsDict['/assets.example.js'] ||","            local.fs.readFileSync(__filename, 'utf8');","        // bug-workaround - long $npm_package_buildCustomOrg","        /* jslint-ignore-begin */","        local.assetsDict['/assets.npmtest_npm_check_updates.rollup.js'] =","            local.assetsDict['/assets.npmtest_npm_check_updates.rollup.js'] ||","            local.fs.readFileSync(","                local.npmtest_npm_check_updates.__dirname + '/lib.npmtest_npm_check_updates.js',","                'utf8'","            ).replace((/^#!/), '//');","        /* jslint-ignore-end */","        local.assetsDict['/favicon.ico'] = local.assetsDict['/favicon.ico'] || '';","        // if $npm_config_timeout_exit exists,","        // then exit this process after $npm_config_timeout_exit ms","        if (Number(process.env.npm_config_timeout_exit)) {","            setTimeout(process.exit, Number(process.env.npm_config_timeout_exit));","        }","        // start server","        if (local.global.utility2_serverHttp1) {","            break;","        }","        process.env.PORT = process.env.PORT || '8081';","        console.error('server starting on port ' + process.env.PORT);","        local.http.createServer(function (request, response) {","            request.urlParsed = local.url.parse(request.url);","            if (local.assetsDict[request.urlParsed.pathname] !== undefined) {","                response.end(local.assetsDict[request.urlParsed.pathname]);","                return;","            }","            response.statusCode = 404;","            response.end();","        }).listen(process.env.PORT);","        break;","    }","}());",""],"l":{"26":2,"28":2,"33":2,"35":2,"37":2,"38":2,"39":2,"44":1,"51":2,"55":2,"59":2,"61":2,"69":1,"70":2,"76":2,"79":2,"82":2,"83":2,"85":1,"89":2,"92":1,"93":1,"94":1,"96":1,"97":1,"100":1,"101":1,"103":1,"106":1,"108":2,"114":1,"116":1,"118":1,"123":1,"124":2,"125":2,"126":3,"127":3,"128":3,"129":3,"130":1,"133":3,"134":3,"139":3,"143":1,"144":3,"145":1,"149":1,"150":1,"158":1,"160":1,"161":1,"162":1,"164":1,"166":1,"258":1,"259":1,"271":1,"274":6,"275":6,"277":1,"279":2,"281":1,"283":2,"288":1,"289":1,"291":1,"296":1,"303":1,"306":1,"307":1,"310":1,"311":1,"313":1,"314":1,"315":1,"316":1,"317":1,"318":1,"319":1,"321":1,"322":1,"324":1}},"/home/travis/build/npmtest/node-npmtest-npm-check-updates/node_modules/npm-check-updates/lib/npm-check-updates.js":{"path":"/home/travis/build/npmtest/node-npmtest-npm-check-updates/node_modules/npm-check-updates/lib/npm-check-updates.js","s":{"1":4,"2":4,"3":4,"4":4,"5":4,"6":4,"7":4,"8":4,"9":4,"10":4,"11":0,"12":0,"13":0,"14":0,"15":0,"16":0,"17":1,"18":0,"19":0,"20":0,"21":1,"22":0,"23":0,"24":0,"25":0,"26":1,"27":0,"28":0,"29":1,"30":0,"31":1,"32":0,"33":1,"34":0,"35":0,"36":0,"37":0,"38":0,"39":0,"40":0,"41":0,"42":0,"43":0,"44":0,"45":1,"46":0,"47":0,"48":0,"49":0,"50":0,"51":0,"52":0,"53":0,"54":0,"55":0,"56":1,"57":0,"58":0,"59":0,"60":0,"61":0,"62":0,"63":0,"64":0,"65":0,"66":0,"67":0,"68":0,"69":0,"70":0,"71":0,"72":0,"73":0,"74":0,"75":0,"76":1,"77":0,"78":0,"79":0,"80":0,"81":0,"82":0,"83":0,"84":0,"85":0,"86":0,"87":0,"88":0,"89":0,"90":0,"91":0,"92":0,"93":0,"94":0,"95":0,"96":0,"97":0,"98":0,"99":0,"100":0,"101":0,"102":0,"103":0,"104":0,"105":0,"106":0,"107":0,"108":0,"109":1,"110":0,"111":1,"112":0,"113":0,"114":0,"115":0,"116":0,"117":0,"118":1,"119":0,"120":0,"121":0,"122":0,"123":0,"124":0,"125":0,"126":0,"127":0,"128":0,"129":0,"130":0,"131":0,"132":0,"133":0,"134":0,"135":0,"136":0,"137":0,"138":0,"139":0,"140":0,"141":0,"142":0,"143":0,"144":1,"145":0,"146":0,"147":0,"148":0,"149":0,"150":0,"151":0,"152":0,"153":0,"154":0,"155":0,"156":0,"157":0,"158":0,"159":0,"160":0,"161":0},"b":{"1":[0,0],"2":[0,0],"3":[0,0,0,0],"4":[0,0],"5":[0,0],"6":[0,0],"7":[0,0],"8":[0,0],"9":[0,0],"10":[0,0],"11":[0,0],"12":[0,0],"13":[0,0],"14":[0,0],"15":[0,0],"16":[0,0],"17":[0,0],"18":[0,0,0,0],"19":[0,0],"20":[0,0],"21":[0,0],"22":[0,0],"23":[0,0],"24":[0,0],"25":[0,0],"26":[0,0],"27":[0,0],"28":[0,0],"29":[0,0],"30":[0,0],"31":[0,0],"32":[0,0],"33":[0,0],"34":[0,0],"35":[0,0],"36":[0,0],"37":[0,0],"38":[0,0],"39":[0,0],"40":[0,0],"41":[0,0],"42":[0,0],"43":[0,0,0],"44":[0,0],"45":[0,0],"46":[0,0],"47":[0,0],"48":[0,0],"49":[0,0],"50":[0,0],"51":[0,0],"52":[0,0]},"f":{"1":0,"2":0,"3":0,"4":0,"5":0,"6":0,"7":0,"8":0,"9":0,"10":0,"11":0,"12":0,"13":0,"14":0,"15":0,"16":0,"17":0,"18":0,"19":0,"20":0,"21":0,"22":0,"23":0,"24":0,"25":0,"26":0},"fnMap":{"1":{"name":"print","line":43,"loc":{"start":{"line":43,"column":0},"end":{"line":43,"column":51}}},"2":{"name":"programError","line":55,"loc":{"start":{"line":55,"column":0},"end":{"line":55,"column":40}}},"3":{"name":"printJson","line":64,"loc":{"start":{"line":64,"column":0},"end":{"line":64,"column":37}}},"4":{"name":"getPackageFileName","line":73,"loc":{"start":{"line":73,"column":0},"end":{"line":73,"column":37}}},"5":{"name":"createDependencyTable","line":78,"loc":{"start":{"line":78,"column":0},"end":{"line":78,"column":33}}},"6":{"name":"toDependencyTable","line":106,"loc":{"start":{"line":106,"column":0},"end":{"line":106,"column":42}}},"7":{"name":"(anonymous_7)","line":110,"loc":{"start":{"line":110,"column":40},"end":{"line":110,"column":55}}},"8":{"name":"(anonymous_8)","line":115,"loc":{"start":{"line":115,"column":17},"end":{"line":115,"column":32}}},"9":{"name":"analyzeGlobalPackages","line":128,"loc":{"start":{"line":128,"column":0},"end":{"line":128,"column":40}}},"10":{"name":"(anonymous_10)","line":141,"loc":{"start":{"line":141,"column":14},"end":{"line":141,"column":40}}},"11":{"name":"(anonymous_11)","line":147,"loc":{"start":{"line":147,"column":24},"end":{"line":147,"column":52}}},"12":{"name":"analyzeProjectDependencies","line":160,"loc":{"start":{"line":160,"column":0},"end":{"line":160,"column":63}}},"13":{"name":"(anonymous_13)","line":189,"loc":{"start":{"line":189,"column":12},"end":{"line":189,"column":61}}},"14":{"name":"printUpgrades","line":232,"loc":{"start":{"line":232,"column":0},"end":{"line":232,"column":38}}},"15":{"name":"(anonymous_15)","line":236,"loc":{"start":{"line":236,"column":40},"end":{"line":236,"column":55}}},"16":{"name":"(anonymous_16)","line":241,"loc":{"start":{"line":241,"column":61},"end":{"line":241,"column":76}}},"17":{"name":"(anonymous_17)","line":294,"loc":{"start":{"line":294,"column":22},"end":{"line":294,"column":34}}},"18":{"name":"initOptions","line":311,"loc":{"start":{"line":311,"column":0},"end":{"line":311,"column":30}}},"19":{"name":"findPackage","line":335,"loc":{"start":{"line":335,"column":0},"end":{"line":335,"column":30}}},"20":{"name":"getPackageDataFromFile","line":370,"loc":{"start":{"line":370,"column":4},"end":{"line":370,"column":58}}},"21":{"name":"(anonymous_21)","line":396,"loc":{"start":{"line":396,"column":32},"end":{"line":396,"column":44}}},"22":{"name":"(anonymous_22)","line":401,"loc":{"start":{"line":401,"column":34},"end":{"line":401,"column":54}}},"23":{"name":"run","line":423,"loc":{"start":{"line":423,"column":0},"end":{"line":423,"column":19}}},"24":{"name":"(anonymous_24)","line":449,"loc":{"start":{"line":449,"column":10},"end":{"line":449,"column":22}}},"25":{"name":"(anonymous_25)","line":455,"loc":{"start":{"line":455,"column":37},"end":{"line":455,"column":49}}},"26":{"name":"(anonymous_26)","line":465,"loc":{"start":{"line":465,"column":51},"end":{"line":465,"column":63}}}},"statementMap":{"1":{"start":{"line":5,"column":0},"end":{"line":5,"column":27}},"2":{"start":{"line":6,"column":0},"end":{"line":6,"column":27}},"3":{"start":{"line":7,"column":0},"end":{"line":7,"column":32}},"4":{"start":{"line":8,"column":0},"end":{"line":8,"column":26}},"5":{"start":{"line":9,"column":0},"end":{"line":9,"column":34}},"6":{"start":{"line":10,"column":0},"end":{"line":10,"column":36}},"7":{"start":{"line":11,"column":0},"end":{"line":11,"column":33}},"8":{"start":{"line":12,"column":0},"end":{"line":12,"column":29}},"9":{"start":{"line":13,"column":0},"end":{"line":13,"column":45}},"10":{"start":{"line":14,"column":0},"end":{"line":14,"column":37}},"11":{"start":{"line":15,"column":0},"end":{"line":15,"column":44}},"12":{"start":{"line":16,"column":0},"end":{"line":16,"column":45}},"13":{"start":{"line":19,"column":0},"end":{"line":22,"column":2}},"14":{"start":{"line":25,"column":0},"end":{"line":33,"column":2}},"15":{"start":{"line":36,"column":0},"end":{"line":36,"column":28}},"16":{"start":{"line":37,"column":0},"end":{"line":37,"column":343}},"17":{"start":{"line":43,"column":0},"end":{"line":53,"column":1}},"18":{"start":{"line":45,"column":4},"end":{"line":45,"column":29}},"19":{"start":{"line":50,"column":4},"end":{"line":52,"column":5}},"20":{"start":{"line":51,"column":8},"end":{"line":51,"column":33}},"21":{"start":{"line":55,"column":0},"end":{"line":62,"column":1}},"22":{"start":{"line":56,"column":4},"end":{"line":61,"column":5}},"23":{"start":{"line":57,"column":8},"end":{"line":57,"column":47}},"24":{"start":{"line":58,"column":8},"end":{"line":58,"column":24}},"25":{"start":{"line":60,"column":8},"end":{"line":60,"column":33}},"26":{"start":{"line":64,"column":0},"end":{"line":68,"column":1}},"27":{"start":{"line":65,"column":4},"end":{"line":67,"column":5}},"28":{"start":{"line":66,"column":8},"end":{"line":66,"column":29}},"29":{"start":{"line":73,"column":0},"end":{"line":76,"column":1}},"30":{"start":{"line":74,"column":4},"end":{"line":75,"column":49}},"31":{"start":{"line":78,"column":0},"end":{"line":99,"column":1}},"32":{"start":{"line":79,"column":4},"end":{"line":98,"column":7}},"33":{"start":{"line":106,"column":0},"end":{"line":119,"column":1}},"34":{"start":{"line":108,"column":4},"end":{"line":108,"column":28}},"35":{"start":{"line":109,"column":4},"end":{"line":109,"column":40}},"36":{"start":{"line":110,"column":4},"end":{"line":114,"column":7}},"37":{"start":{"line":111,"column":8},"end":{"line":111,"column":40}},"38":{"start":{"line":112,"column":8},"end":{"line":112,"column":78}},"39":{"start":{"line":113,"column":8},"end":{"line":113,"column":36}},"40":{"start":{"line":115,"column":4},"end":{"line":117,"column":7}},"41":{"start":{"line":116,"column":8},"end":{"line":116,"column":24}},"42":{"start":{"line":118,"column":4},"end":{"line":118,"column":17}},"43":{"start":{"line":121,"column":0},"end":{"line":121,"column":66}},"44":{"start":{"line":122,"column":0},"end":{"line":122,"column":41}},"45":{"start":{"line":128,"column":0},"end":{"line":158,"column":1}},"46":{"start":{"line":130,"column":4},"end":{"line":133,"column":5}},"47":{"start":{"line":131,"column":8},"end":{"line":132,"column":43}},"48":{"start":{"line":135,"column":4},"end":{"line":135,"column":63}},"49":{"start":{"line":137,"column":4},"end":{"line":157,"column":11}},"50":{"start":{"line":142,"column":12},"end":{"line":142,"column":52}},"51":{"start":{"line":143,"column":12},"end":{"line":143,"column":40}},"52":{"start":{"line":144,"column":12},"end":{"line":144,"column":99}},"53":{"start":{"line":146,"column":12},"end":{"line":156,"column":19}},"54":{"start":{"line":149,"column":20},"end":{"line":149,"column":52}},"55":{"start":{"line":150,"column":20},"end":{"line":154,"column":23}},"56":{"start":{"line":160,"column":0},"end":{"line":220,"column":1}},"57":{"start":{"line":162,"column":4},"end":{"line":162,"column":12}},"58":{"start":{"line":164,"column":4},"end":{"line":168,"column":5}},"59":{"start":{"line":165,"column":8},"end":{"line":165,"column":33}},"60":{"start":{"line":167,"column":8},"end":{"line":167,"column":145}},"61":{"start":{"line":170,"column":4},"end":{"line":176,"column":7}},"62":{"start":{"line":178,"column":4},"end":{"line":178,"column":63}},"63":{"start":{"line":179,"column":4},"end":{"line":179,"column":91}},"64":{"start":{"line":181,"column":4},"end":{"line":219,"column":7}},"65":{"start":{"line":191,"column":8},"end":{"line":191,"column":19}},"66":{"start":{"line":192,"column":8},"end":{"line":192,"column":23}},"67":{"start":{"line":194,"column":8},"end":{"line":194,"column":44}},"68":{"start":{"line":195,"column":8},"end":{"line":195,"column":42}},"69":{"start":{"line":197,"column":8},"end":{"line":218,"column":9}},"70":{"start":{"line":198,"column":12},"end":{"line":198,"column":92}},"71":{"start":{"line":200,"column":12},"end":{"line":203,"column":29}},"72":{"start":{"line":205,"column":12},"end":{"line":205,"column":55}},"73":{"start":{"line":206,"column":12},"end":{"line":206,"column":26}},"74":{"start":{"line":208,"column":12},"end":{"line":216,"column":15}},"75":{"start":{"line":217,"column":12},"end":{"line":217,"column":24}},"76":{"start":{"line":232,"column":0},"end":{"line":303,"column":1}},"77":{"start":{"line":235,"column":4},"end":{"line":235,"column":42}},"78":{"start":{"line":236,"column":4},"end":{"line":238,"column":7}},"79":{"start":{"line":237,"column":8},"end":{"line":237,"column":87}},"80":{"start":{"line":240,"column":4},"end":{"line":240,"column":46}},"81":{"start":{"line":241,"column":4},"end":{"line":243,"column":7}},"82":{"start":{"line":242,"column":8},"end":{"line":242,"column":113}},"83":{"start":{"line":244,"column":4},"end":{"line":244,"column":86}},"84":{"start":{"line":245,"column":4},"end":{"line":245,"column":63}},"85":{"start":{"line":246,"column":4},"end":{"line":246,"column":65}},"86":{"start":{"line":248,"column":4},"end":{"line":248,"column":23}},"87":{"start":{"line":251,"column":4},"end":{"line":259,"column":5}},"88":{"start":{"line":252,"column":8},"end":{"line":252,"column":44}},"89":{"start":{"line":253,"column":8},"end":{"line":258,"column":9}},"90":{"start":{"line":254,"column":12},"end":{"line":254,"column":75}},"91":{"start":{"line":256,"column":12},"end":{"line":257,"column":24}},"92":{"start":{"line":262,"column":4},"end":{"line":271,"column":5}},"93":{"start":{"line":263,"column":8},"end":{"line":269,"column":11}},"94":{"start":{"line":270,"column":8},"end":{"line":270,"column":52}},"95":{"start":{"line":274,"column":4},"end":{"line":284,"column":5}},"96":{"start":{"line":275,"column":8},"end":{"line":281,"column":11}},"97":{"start":{"line":282,"column":8},"end":{"line":282,"column":624}},"98":{"start":{"line":283,"column":8},"end":{"line":283,"column":58}},"99":{"start":{"line":286,"column":4},"end":{"line":286,"column":80}},"100":{"start":{"line":288,"column":4},"end":{"line":300,"column":5}},"101":{"start":{"line":289,"column":8},"end":{"line":299,"column":9}},"102":{"start":{"line":290,"column":12},"end":{"line":290,"column":65}},"103":{"start":{"line":291,"column":15},"end":{"line":299,"column":9}},"104":{"start":{"line":292,"column":12},"end":{"line":292,"column":116}},"105":{"start":{"line":293,"column":12},"end":{"line":296,"column":19}},"106":{"start":{"line":295,"column":20},"end":{"line":295,"column":70}},"107":{"start":{"line":298,"column":12},"end":{"line":298,"column":162}},"108":{"start":{"line":302,"column":4},"end":{"line":302,"column":23}},"109":{"start":{"line":311,"column":0},"end":{"line":324,"column":1}},"110":{"start":{"line":313,"column":4},"end":{"line":323,"column":7}},"111":{"start":{"line":335,"column":0},"end":{"line":420,"column":1}},"112":{"start":{"line":337,"column":4},"end":{"line":337,"column":16}},"113":{"start":{"line":338,"column":4},"end":{"line":338,"column":16}},"114":{"start":{"line":339,"column":4},"end":{"line":339,"column":19}},"115":{"start":{"line":341,"column":4},"end":{"line":341,"column":58}},"116":{"start":{"line":342,"column":4},"end":{"line":342,"column":62}},"117":{"start":{"line":344,"column":4},"end":{"line":344,"column":50}},"118":{"start":{"line":370,"column":4},"end":{"line":383,"column":5}},"119":{"start":{"line":372,"column":8},"end":{"line":380,"column":9}},"120":{"start":{"line":374,"column":12},"end":{"line":374,"column":57}},"121":{"start":{"line":375,"column":12},"end":{"line":377,"column":13}},"122":{"start":{"line":376,"column":16},"end":{"line":376,"column":60}},"123":{"start":{"line":379,"column":12},"end":{"line":379,"column":269}},"124":{"start":{"line":382,"column":8},"end":{"line":382,"column":40}},"125":{"start":{"line":386,"column":4},"end":{"line":417,"column":5}},"126":{"start":{"line":387,"column":8},"end":{"line":387,"column":55}},"127":{"start":{"line":388,"column":11},"end":{"line":417,"column":5}},"128":{"start":{"line":389,"column":8},"end":{"line":389,"column":38}},"129":{"start":{"line":390,"column":8},"end":{"line":390,"column":63}},"130":{"start":{"line":391,"column":11},"end":{"line":417,"column":5}},"131":{"start":{"line":392,"column":8},"end":{"line":392,"column":74}},"132":{"start":{"line":396,"column":8},"end":{"line":398,"column":29}},"133":{"start":{"line":397,"column":12},"end":{"line":397,"column":45}},"134":{"start":{"line":401,"column":8},"end":{"line":412,"column":11}},"135":{"start":{"line":402,"column":12},"end":{"line":402,"column":37}},"136":{"start":{"line":404,"column":12},"end":{"line":404,"column":113}},"137":{"start":{"line":406,"column":12},"end":{"line":411,"column":13}},"138":{"start":{"line":407,"column":16},"end":{"line":407,"column":51}},"139":{"start":{"line":408,"column":16},"end":{"line":408,"column":68}},"140":{"start":{"line":410,"column":16},"end":{"line":410,"column":32}},"141":{"start":{"line":415,"column":8},"end":{"line":415,"column":43}},"142":{"start":{"line":416,"column":8},"end":{"line":416,"column":63}},"143":{"start":{"line":419,"column":4},"end":{"line":419,"column":43}},"144":{"start":{"line":423,"column":0},"end":{"line":472,"column":1}},"145":{"start":{"line":424,"column":4},"end":{"line":424,"column":29}},"146":{"start":{"line":427,"column":4},"end":{"line":437,"column":5}},"147":{"start":{"line":428,"column":8},"end":{"line":436,"column":11}},"148":{"start":{"line":440,"column":4},"end":{"line":440,"column":62}},"149":{"start":{"line":442,"column":4},"end":{"line":442,"column":49}},"150":{"start":{"line":444,"column":4},"end":{"line":471,"column":7}},"151":{"start":{"line":451,"column":8},"end":{"line":451,"column":39}},"152":{"start":{"line":453,"column":8},"end":{"line":458,"column":9}},"153":{"start":{"line":454,"column":12},"end":{"line":454,"column":106}},"154":{"start":{"line":455,"column":12},"end":{"line":457,"column":26}},"155":{"start":{"line":456,"column":16},"end":{"line":456,"column":99}},"156":{"start":{"line":460,"column":8},"end":{"line":462,"column":88}},"157":{"start":{"line":464,"column":8},"end":{"line":468,"column":9}},"158":{"start":{"line":465,"column":12},"end":{"line":467,"column":15}},"159":{"start":{"line":466,"column":16},"end":{"line":466,"column":38}},"160":{"start":{"line":470,"column":8},"end":{"line":470,"column":31}},"161":{"start":{"line":474,"column":0},"end":{"line":476,"column":7}}},"branchMap":{"1":{"line":45,"type":"binary-expr","locations":[{"start":{"line":45,"column":13},"end":{"line":45,"column":19}},{"start":{"line":45,"column":23},"end":{"line":45,"column":28}}]},"2":{"line":50,"type":"if","locations":[{"start":{"line":50,"column":4},"end":{"line":50,"column":4}},{"start":{"line":50,"column":4},"end":{"line":50,"column":4}}]},"3":{"line":50,"type":"binary-expr","locations":[{"start":{"line":50,"column":8},"end":{"line":50,"column":21}},{"start":{"line":50,"column":25},"end":{"line":50,"column":54}},{"start":{"line":50,"column":59},"end":{"line":50,"column":75}},{"start":{"line":50,"column":79},"end":{"line":50,"column":129}}]},"4":{"line":56,"type":"if","locations":[{"start":{"line":56,"column":4},"end":{"line":56,"column":4}},{"start":{"line":56,"column":4},"end":{"line":56,"column":4}}]},"5":{"line":65,"type":"if","locations":[{"start":{"line":65,"column":4},"end":{"line":65,"column":4}},{"start":{"line":65,"column":4},"end":{"line":65,"column":4}}]},"6":{"line":74,"type":"cond-expr","locations":[{"start":{"line":74,"column":33},"end":{"line":74,"column":52}},{"start":{"line":75,"column":8},"end":{"line":75,"column":48}}]},"7":{"line":108,"type":"binary-expr","locations":[{"start":{"line":108,"column":14},"end":{"line":108,"column":21}},{"start":{"line":108,"column":25},"end":{"line":108,"column":27}}]},"8":{"line":111,"type":"binary-expr","locations":[{"start":{"line":111,"column":19},"end":{"line":111,"column":33}},{"start":{"line":111,"column":37},"end":{"line":111,"column":39}}]},"9":{"line":112,"type":"binary-expr","locations":[{"start":{"line":112,"column":42},"end":{"line":112,"column":54}},{"start":{"line":112,"column":58},"end":{"line":112,"column":60}}]},"10":{"line":130,"type":"if","locations":[{"start":{"line":130,"column":4},"end":{"line":130,"column":4}},{"start":{"line":130,"column":4},"end":{"line":130,"column":4}}]},"11":{"line":130,"type":"binary-expr","locations":[{"start":{"line":130,"column":8},"end":{"line":130,"column":22}},{"start":{"line":130,"column":26},"end":{"line":130,"column":41}}]},"12":{"line":167,"type":"cond-expr","locations":[{"start":{"line":167,"column":76},"end":{"line":167,"column":90}},{"start":{"line":167,"column":93},"end":{"line":167,"column":106}}]},"13":{"line":184,"type":"cond-expr","locations":[{"start":{"line":184,"column":18},"end":{"line":186,"column":10}},{"start":{"line":186,"column":13},"end":{"line":186,"column":30}}]},"14":{"line":185,"type":"cond-expr","locations":[{"start":{"line":185,"column":42},"end":{"line":185,"column":77}},{"start":{"line":185,"column":80},"end":{"line":185,"column":84}}]},"15":{"line":197,"type":"if","locations":[{"start":{"line":197,"column":8},"end":{"line":197,"column":8}},{"start":{"line":197,"column":8},"end":{"line":197,"column":8}}]},"16":{"line":200,"type":"cond-expr","locations":[{"start":{"line":200,"column":39},"end":{"line":200,"column":60}},{"start":{"line":201,"column":16},"end":{"line":203,"column":28}}]},"17":{"line":201,"type":"cond-expr","locations":[{"start":{"line":202,"column":20},"end":{"line":202,"column":108}},{"start":{"line":203,"column":20},"end":{"line":203,"column":28}}]},"18":{"line":242,"type":"binary-expr","locations":[{"start":{"line":242,"column":15},"end":{"line":242,"column":31}},{"start":{"line":242,"column":36},"end":{"line":242,"column":48}},{"start":{"line":242,"column":52},"end":{"line":242,"column":67}},{"start":{"line":242,"column":71},"end":{"line":242,"column":111}}]},"19":{"line":251,"type":"if","locations":[{"start":{"line":251,"column":4},"end":{"line":251,"column":4}},{"start":{"line":251,"column":4},"end":{"line":251,"column":4}}]},"20":{"line":251,"type":"binary-expr","locations":[{"start":{"line":251,"column":8},"end":{"line":251,"column":26}},{"start":{"line":251,"column":30},"end":{"line":251,"column":50}}]},"21":{"line":253,"type":"if","locations":[{"start":{"line":253,"column":8},"end":{"line":253,"column":8}},{"start":{"line":253,"column":8},"end":{"line":253,"column":8}}]},"22":{"line":262,"type":"if","locations":[{"start":{"line":262,"column":4},"end":{"line":262,"column":4}},{"start":{"line":262,"column":4},"end":{"line":262,"column":4}}]},"23":{"line":274,"type":"if","locations":[{"start":{"line":274,"column":4},"end":{"line":274,"column":4}},{"start":{"line":274,"column":4},"end":{"line":274,"column":4}}]},"24":{"line":282,"type":"cond-expr","locations":[{"start":{"line":282,"column":45},"end":{"line":282,"column":49}},{"start":{"line":282,"column":52},"end":{"line":282,"column":54}}]},"25":{"line":282,"type":"cond-expr","locations":[{"start":{"line":282,"column":108},"end":{"line":282,"column":114}},{"start":{"line":282,"column":117},"end":{"line":282,"column":126}}]},"26":{"line":282,"type":"cond-expr","locations":[{"start":{"line":282,"column":171},"end":{"line":282,"column":176}},{"start":{"line":282,"column":179},"end":{"line":282,"column":186}}]},"27":{"line":282,"type":"cond-expr","locations":[{"start":{"line":282,"column":267},"end":{"line":282,"column":272}},{"start":{"line":282,"column":275},"end":{"line":282,"column":282}}]},"28":{"line":282,"type":"cond-expr","locations":[{"start":{"line":282,"column":356},"end":{"line":282,"column":358}},{"start":{"line":282,"column":361},"end":{"line":282,"column":364}}]},"29":{"line":282,"type":"cond-expr","locations":[{"start":{"line":282,"column":532},"end":{"line":282,"column":535}},{"start":{"line":282,"column":538},"end":{"line":282,"column":543}}]},"30":{"line":286,"type":"cond-expr","locations":[{"start":{"line":286,"column":62},"end":{"line":286,"column":74}},{"start":{"line":286,"column":77},"end":{"line":286,"column":78}}]},"31":{"line":288,"type":"if","locations":[{"start":{"line":288,"column":4},"end":{"line":288,"column":4}},{"start":{"line":288,"column":4},"end":{"line":288,"column":4}}]},"32":{"line":288,"type":"binary-expr","locations":[{"start":{"line":288,"column":8},"end":{"line":288,"column":20}},{"start":{"line":288,"column":24},"end":{"line":288,"column":40}}]},"33":{"line":289,"type":"if","locations":[{"start":{"line":289,"column":8},"end":{"line":289,"column":8}},{"start":{"line":289,"column":8},"end":{"line":289,"column":8}}]},"34":{"line":291,"type":"if","locations":[{"start":{"line":291,"column":15},"end":{"line":291,"column":15}},{"start":{"line":291,"column":15},"end":{"line":291,"column":15}}]},"35":{"line":298,"type":"cond-expr","locations":[{"start":{"line":298,"column":101},"end":{"line":298,"column":105}},{"start":{"line":298,"column":108},"end":{"line":298,"column":112}}]},"36":{"line":315,"type":"binary-expr","locations":[{"start":{"line":315,"column":17},"end":{"line":315,"column":32}},{"start":{"line":315,"column":36},"end":{"line":315,"column":54}}]},"37":{"line":317,"type":"cond-expr","locations":[{"start":{"line":317,"column":35},"end":{"line":317,"column":43}},{"start":{"line":317,"column":46},"end":{"line":317,"column":62}}]},"38":{"line":372,"type":"if","locations":[{"start":{"line":372,"column":8},"end":{"line":372,"column":8}},{"start":{"line":372,"column":8},"end":{"line":372,"column":8}}]},"39":{"line":375,"type":"if","locations":[{"start":{"line":375,"column":12},"end":{"line":375,"column":12}},{"start":{"line":375,"column":12},"end":{"line":375,"column":12}}]},"40":{"line":386,"type":"if","locations":[{"start":{"line":386,"column":4},"end":{"line":386,"column":4}},{"start":{"line":386,"column":4},"end":{"line":386,"column":4}}]},"41":{"line":388,"type":"if","locations":[{"start":{"line":388,"column":11},"end":{"line":388,"column":11}},{"start":{"line":388,"column":11},"end":{"line":388,"column":11}}]},"42":{"line":391,"type":"if","locations":[{"start":{"line":391,"column":11},"end":{"line":391,"column":11}},{"start":{"line":391,"column":11},"end":{"line":391,"column":11}}]},"43":{"line":404,"type":"binary-expr","locations":[{"start":{"line":404,"column":31},"end":{"line":404,"column":52}},{"start":{"line":404,"column":57},"end":{"line":404,"column":78}},{"start":{"line":404,"column":82},"end":{"line":404,"column":111}}]},"44":{"line":406,"type":"if","locations":[{"start":{"line":406,"column":12},"end":{"line":406,"column":12}},{"start":{"line":406,"column":12},"end":{"line":406,"column":12}}]},"45":{"line":424,"type":"binary-expr","locations":[{"start":{"line":424,"column":18},"end":{"line":424,"column":22}},{"start":{"line":424,"column":26},"end":{"line":424,"column":28}}]},"46":{"line":427,"type":"if","locations":[{"start":{"line":427,"column":4},"end":{"line":427,"column":4}},{"start":{"line":427,"column":4},"end":{"line":427,"column":4}}]},"47":{"line":433,"type":"cond-expr","locations":[{"start":{"line":433,"column":59},"end":{"line":433,"column":63}},{"start":{"line":433,"column":66},"end":{"line":433,"column":84}}]},"48":{"line":440,"type":"binary-expr","locations":[{"start":{"line":440,"column":21},"end":{"line":440,"column":43}},{"start":{"line":440,"column":47},"end":{"line":440,"column":61}}]},"49":{"line":453,"type":"if","locations":[{"start":{"line":453,"column":8},"end":{"line":453,"column":8}},{"start":{"line":453,"column":8},"end":{"line":453,"column":8}}]},"50":{"line":454,"type":"cond-expr","locations":[{"start":{"line":454,"column":58},"end":{"line":454,"column":87}},{"start":{"line":454,"column":90},"end":{"line":454,"column":105}}]},"51":{"line":460,"type":"cond-expr","locations":[{"start":{"line":461,"column":12},"end":{"line":461,"column":42}},{"start":{"line":462,"column":12},"end":{"line":462,"column":87}}]},"52":{"line":464,"type":"if","locations":[{"start":{"line":464,"column":8},"end":{"line":464,"column":8}},{"start":{"line":464,"column":8},"end":{"line":464,"column":8}}]}},"code":["//","// Dependencies","//","","var cint = require('cint');","var path = require('path');","var findUp = require('find-up');","var _ = require('lodash');","var Promise = require('bluebird');","var getstdin = require('get-stdin');","var Table = require('cli-table');","var chalk = require('chalk');","var fs = Promise.promisifyAll(require('fs'));","var vm = require('./versionmanager');","var versionUtil = require('./version-util');","var jph = require('json-parse-helpfulerror');","","// maps package managers to package file names","var packageFileNames = {","    npm: 'package.json',","    bower: 'bower.json'","};","","// maps string levels to numeric levels","var logLevels = {","    silent: 0,","    error: 1,","    minimal: 2,","    warn: 3,","    info: 4,","    verbose: 5,","    silly: 6","};","","// time to wait for stdin before printing a warning","var stdinWarningTime = 5000;","var stdinWarningMessage = 'Hmmmmm... this is taking a long time. Your console is telling me to wait for input \\non stdin, but maybe that is not what you want.\\nTry specifying a package file explicitly with ' + chalk.blue('--packageFile package.json') + '. \\nSee https://github.com/tjunnone/npm-check-updates/issues/136#issuecomment-155721102';","","//","// Helper functions","//","","function print(options, message, loglevel, method) {","","    method = method || 'log';","","    // not in json mode","    // not silent","    // not at a loglevel under minimum specified","    if (!options.json && options.loglevel !== 'silent' && (loglevel == null || logLevels[options.loglevel] >= logLevels[loglevel])) {","        console[method](message);","    }","}","","function programError(options, message) {","    if (options.cli) {","        print(options, message, null, 'error');","        process.exit(1);","    } else {","        throw new Error(message);","    }","}","","function printJson(options, message) {","    if (options.loglevel !== 'silent') {","        console.log(message);","    }","}","","/**"," * Gets the name of the package file based on --packageFile or --packageManager."," */","function getPackageFileName(options) {","    return options.packageFile ? options.packageFile :","        packageFileNames[options.packageManager];","}","","function createDependencyTable() {","    return new Table({","        colAligns: ['left', 'right', 'right', 'right'],","        chars: {","            'top': '',","            'top-mid': '',","            'top-left': '',","            'top-right': '',","            'bottom': '',","            'bottom-mid': '',","            'bottom-left': '',","            'bottom-right': '',","            'left': '',","            'left-mid': '',","            'mid': '',","            'mid-mid': '',","            'right': '',","            'right-mid': '',","            'middle': ''","        }","    });","}","","/**"," * @param args.from"," * @param args.to"," * @param options.greatest"," */","function toDependencyTable(options, args) {","","    options = options || {};","    var table = createDependencyTable();","    var rows = Object.keys(args.to).map(function (dep) {","        var from = args.from[dep] || '';","        var to = versionUtil.colorizeDiff(args.to[dep] || '', args.from[dep]);","        return [dep, from, '→', to];","    });","    rows.forEach(function (row) {","        table.push(row);","    });","    return table;","}","","var readPackageFile = cint.partialAt(fs.readFileAsync, 1, 'utf8');","var writePackageFile = fs.writeFileAsync;","","//","// Main functions","//","","function analyzeGlobalPackages(options) {","","    if (options.global && options.upgrade) {","        programError(options, chalk.blue('ncu') + ' cannot upgrade global packages. Run ' + cha
[...]
start":{"line":40,"column":81},"end":{"line":40,"column":97}},"10":{"start":{"line":41,"column":35},"end":{"line":41,"column":60}},"11":{"start":{"line":41,"column":61},"end":{"line":41,"column":77}},"12":{"start":{"line":43,"column":0},"end":{"line":43,"column":28}},"13":{"start":{"line":45,"column":0},"end":{"line":45,"column":19}},"14":{"start":{"line":46,"column":0},"end":{"line":46,"column":58}},"15":{"start":{"line":48,"column":0},"end":{"line":48,"column":17}}},"branchMap":{"1":{"line":46,"type":"binary-expr","locations":[{"start":{"line":46,"column":17},"end":{"line":46,"column":39}},{"start":{"line":46,"column":43},"end":{"line":46,"column":57}}]}},"code":["//#!/usr/bin/env node","","var program = require('commander');","var updateNotifier = require('update-notifier');","var cint = require('cint');","var ncu = require('../lib/npm-check-updates');","var pkg = require('../package.json');","","// check if a new version of ncu is available and print an update notification","updateNotifier({pkg: pkg})","    .notify({defer: false});","","program","    .description('[filter] is a list or regex of package names to check (all others will be ignored).')","    .usage('[options] [filter]')","    .option('-d, --dev', 'check only devDependencies')","    .option('-e, --error-level <n>', 'set the error-level. 1: exits with error code 0 if no errors occur. 2: exits with error code 0 if no packages need updating (useful for continuous integration). Default is 1.', cint.partialAt(parseInt, 1, 10), 1)","    .option('-f, --filter <matches>', 'include only package names matching the given string, comma-delimited list, or regex')","    .option('-g, --global', 'check global packages instead of in the current project')","    // program.json is set to true in programInit if any options that begin with 'json' are true","    .option('-j, --jsonAll', 'output new package file instead of human-readable message')","    .option('--jsonUpgraded', 'output upgraded dependencies in json')","    .option('-l, --loglevel <n>', 'what level of logs to report: silent, error, minimal, warn, info, verbose, silly (default: warn)', 'warn')","    .option('-m, --packageManager <name>', 'npm (default) or bower', 'npm')","    .option('-n, --newest', 'find the newest versions available instead of the latest stable versions')","    .option('-o, --optional', 'check only optionalDependencies')","    .option('--packageData', 'include stringified package file (use stdin instead)')","    .option('--packageFile <filename>', 'package file location (default: ./package.json)')","    .option('--packageFileDir', 'use same directory as packageFile to compare against installed modules. See #201.')","    .option('-p, --prod', 'check only dependencies (not devDependencies)')","    .option('-r, --registry <url>', 'specify third-party npm registry')","    .option('-s, --silent', \"don't output anything (--loglevel silent)\")","    .option('-t, --greatest', 'find the highest versions available instead of the latest stable versions')","    .option('--timeout <ms>', 'a global timeout in ms')","    .option('-u, --upgrade', 'overwrite package file')","    .option('-x, --reject <matches>', 'exclude packages matching the given string, comma-delimited list, or regex')","    .option('-a, --upgradeAll', 'include even those dependencies whose latest version satisfies the declared semver dependency')","    .option('--semverLevel <level>', 'find the highest version within \"major\" or \"minor\"')","    .option('--removeRange', 'remove version ranges from the final package version')","    .option('-v, --version', pkg.version, function() { console.log(pkg.version); process.exit(0); })","    .option('-V', '', function() { console.log(pkg.version); process.exit(0); });","","program.parse(process.argv);","","program.cli = true;","program.filter = program.args.join(' ') || program.filter;","","ncu.run(program);",""],"l":{"3":2,"4":2,"5":2,"6":2,"7":0,"10":0,"13":0,"40":0,"41":0,"43":0,"45":0,"46":0,"48":0}},"/home/travis/build/npmtest/node-npmtest-npm-check-updates/node_modules/npm-check-updates/lib/raw-promisify.js":{"path":"/home/travis/build/npmtest/node-npmtest-npm-check-updates/node_modules/npm-check-updates/lib/raw-promisify.js","s":{"1":1,"2":1,"3":1,"4":0,"5":0,"6":0,"7":0,"8":0,"9":0,"10":0,"11":0,"12":0,"13":0,"14":1},"b":{"1":[0,0]},"f":{"1":0,"2":0,"3":0,"4":0,"5":0},"fnMap":{"1":{"name":"rawPromisify","line":9,"loc":{"start":{"line":9,"column":0},"end":{"line":9,"column":27}}},"2":{"name":"(anonymous_2)","line":10,"loc":{"start":{"line":10,"column":16},"end":{"line":10,"column":40}}},"3":{"name":"(anonymous_3)","line":11,"loc":{"start":{"line":11,"column":30},"end":{"line":11,"column":42}}},"4":{"name":"(anonymous_4)","line":14,"loc":{"start":{"line":14,"column":31},"end":{"line":14,"column":58}}},"5":{"name":"(anonymous_5)","line":15,"loc":{"start":{"line":15,"column":26},"end":{"line":15,"column":50}}}},"statementMap":{"1":{"start":{"line":1,"column":0},"end":{"line":1,"column":26}},"2":{"start":{"line":2,"column":0},"end":{"line":2,"column":34}},"3":{"start":{"line":9,"column":0},"end":{"line":26,"column":1}},"4":{"start":{"line":10,"column":4},"end":{"line":25,"column":7}},"5":{"start":{"line":11,"column":8},"end":{"line":24,"column":10}},"6":{"start":{"line":12,"column":12},"end":{"line":12,"column":48}},"7":{"start":{"line":13,"column":12},"end":{"line":13,"column":28}},"8":{"start":{"line":14,"column":12},"end":{"line":23,"column":15}},"9":{"start":{"line":15,"column":16},"end":{"line":21,"column":19}},"10":{"start":{"line":16,"column":20},"end":{"line":20,"column":21}},"11":{"start":{"line":17,"column":24},"end":{"line":17,"column":36}},"12":{"start":{"line":19,"column":24},"end":{"line":19,"column":41}},"13":{"start":{"line":22,"column":16},"end":{"line":22,"column":48}},"14":{"start":{"line":28,"column":0},"end":{"line":28,"column":30}}},"branchMap":{"1":{"line":16,"type":"if","locations":[{"start":{"line":16,"column":20},"end":{"line":16,"column":20}},{"start":{"line":16,"column":20},"end":{"line":16,"column":20}}]}},"code":["var _ = require('lodash');","var Promise = require('bluebird');","","/**"," * For some reason, Promise.promisifyAll does not work on npm.commands :("," *   Promise.promisifyAll(npm.commands);"," * So we have to do it manually."," */","function rawPromisify(obj) {","    _.each(obj, function (method, name) {","        obj[name + 'Async'] = function () {","            var args = [].slice.call(arguments);","            var that = this;","            return new Promise(function (resolve, reject) {","                args.push(function (err, results) {","                    if (err) {","                        reject(err);","                    } else {","                        resolve(results);","                    }","                });","                return method.apply(that, args);","            });","        };","    });","}","","module.exports = rawPromisify;",""],"l":{"1":1,"2":1,"9":1,"10":0,"11":0,"12":0,"13":0,"14":0,"15":0,"16":0,"17":0,"19":0,"22":0,"28":1}},"/home/travis/build/npmtest/node-npmtest-npm-check-updates/node_modules/npm-check-updates/lib/package-managers/npm.js":{"path":"/home/travis/build/npmtest/node-npmtest-npm-check-updates/node_modules/npm-check-updates/lib/package-managers/npm.js","s":{"1":2,"2":2,"3":2,"4":2,"5":0,"6":0,"7":0,"8":0,"9":1,"10":0,"11":0,"12":0,"13":0,"14":0,"15":0,"16":0,"17":0,"18":0,"19":0,"20":0,"21":0,"22":0,"23":0,"24":0,"25":0,"26":0,"27":0,"28":0,"29":0,"30":0,"31":0,"32":0,"33":0,"34":0,"35":0,"36":0,"37":0,"38":0,"39":0},"b":{"1":[0,0],"2":[0,0],"3":[0,0],"4":[0,0],"5":[0,0],"6":[0,0],"7":[0,0],"8":[0,0],"9":[0,0],"10":[0,0],"11":[0,0,0],"12":[0,0],"13":[0,0],"14":[0,0],"15":[0,0],"16":[0,0]},"f":{"1":0,"2":0,"3":0,"4":0,"5":0,"6":0,"7":0,"8":0,"9":0,"10":0,"11":0,"12":0,"13":0,"14":0},"fnMap":{"1":{"name":"view","line":16,"loc":{"start":{"line":16,"column":0},"end":{"line":16,"column":34}}},"2":{"name":"(anonymous_2)","line":22,"loc":{"start":{"line":22,"column":15},"end":{"line":22,"column":30}}},"3":{"name":"(anonymous_3)","line":26,"loc":{"start":{"line":26,"column":14},"end":{"line":26,"column":34}}},"4":{"name":"(anonymous_4)","line":45,"loc":{"start":{"line":45,"column":10},"end":{"line":45,"column":26}}},"5":{"name":"(anonymous_5)","line":55,"loc":{"start":{"line":55,"column":14},"end":{"line":55,"column":26}}},"6":{"name":"(anonymous_6)","line":84,"loc":{"start":{"line":84,"column":10},"end":{"line":84,"column":35}}},"7":{"name":"(anonymous_7)","line":97,"loc":{"start":{"line":97,"column":22},"end":{"line":97,"column":41}}},"8":{"name":"(anonymous_8)","line":99,"loc":{"start":{"line":99,"column":75},"end":{"line":99,"column":97}}},"9":{"name":"(anonymous_9)","line":112,"loc":{"start":{"line":112,"column":12},"end":{"line":112,"column":35}}},"10":{"name":"(anonymous_10)","line":118,"loc":{"start":{"line":118,"column":14},"end":{"line":118,"column":37}}},"11":{"name":"(anonymous_11)","line":122,"loc":{"start":{"line":122,"column":19},"end":{"line":122,"column":58}}},"12":{"name":"(anonymous_12)","line":123,"loc":{"start":{"line":123,"column":50},"end":{"line":123,"column":70}}},"13":{"name":"(anonymous_13)","line":127,"loc":{"start":{"line":127,"column":19},"end":{"line":127,"column":58}}},"14":{"name":"(anonymous_14)","line":128,"loc":{"start":{"line":128,"column":50},"end":{"line":128,"column":70}}}},"statementMap":{"1":{"start":{"line":1,"column":0},"end":{"line":1,"column":26}},"2":{"start":{"line":2,"column":0},"end":{"line":2,"column":27}},"3":{"start":{"line":3,"column":0},"end":{"line":3,"column":34}},"4":{"start":{"line":4,"column":0},"end":{"line":4,"column":47}},"5":{"start":{"line":5,"column":0},"end":{"line":5,"column":50}},"6":{"start":{"line":6,"column":0},"end":{"line":6,"column":49}},"7":{"start":{"line":7,"column":0},"end":{"line":7,"column":43}},"8":{"start":{"line":9,"column":0},"end":{"line":9,"column":24}},"9":{"start":{"line":16,"column":0},"end":{"line":36,"column":1}},"10":{"start":{"line":17,"column":4},"end":{"line":19,"column":5}},"11":{"start":{"line":18,"column":8},"end":{"line":18,"column":80}},"12":{"start":{"line":21,"column":4},"end":{"line":35,"column":11}},"13":{"start":{"line":24,"column":12},"end":{"line":24,"column":64}},"14":{"start":{"line":30,"column":12},"end":{"line":32,"column":13}},"15":{"start":{"line":31,"column":16},"end":{"line":31,"column":37}},"16":{"start":{"line":34,"column":12},"end":{"line":34,"column":48}},"17":{"start":{"line":38,"column":0},"end":{"line":132,"column":2}},"18":{"start":{"line":47,"column":8},"end":{"line":47,"column":26}},"19":{"start":{"line":50,"column":8},"end":{"line":77,"column":11}},"20":{"start":{"line":58,"column":12},"end":{"line":60,"column":13}},"21":{"start":{"line":59,"column":16},"end":{"line":59,"column":58}},"22":{"start":{"line":62,"column":12},"end":{"line":62,"column":39}},"23":{"start":{"line":66,"column":12},"end":{"line":68,"column":13}},"24":{"start":{"line":67,"column":16},"end":{"line":67,"column":55}},"25":{"start":{"line":72,"column":12},"end":{"line":74,"column":13}},"26":{"start":{"line":73,"column":16},"end":{"line":73,"column":72}},"27":{"start":{"line":76,"column":12},"end":{"line":76,"column":38}},"28":{"start":{"line":86,"column":8},"end":{"line":86,"column":32}},"29":{"start":{"line":88,"column":8},"end":{"line":90,"column":9}},"30":{"start":{"line":89,"column":12},"end":{"line":89,"column":84}},"31":{"start":{"line":93,"column":8},"end":{"line":107,"column":53}},"32":{"start":{"line":98,"column":20},"end":{"line":105,"column":22}},"33":{"start":{"line":100,"column":28},"end":{"line":103,"column":31}},"34":{"start":{"line":113,"column":8},"end":{"line":115,"column":26}},"35":{"start":{"line":119,"column":8},"end":{"line":119,"column":58}},"36":{"start":{"line":123,"column":8},"end":{"line":125,"column":11}},"37":{"start":{"line":124,"column":12},"end":{"line":124,"column":86}},"38":{"start":{"line":128,"column":8},"end":{"line":130,"column":11}},"39":{"start":{"line":129,"column":12},"end":{"line":129,"column":86}}},"branchMap":{"1":{"line":17,"type":"if","locations":[{"start":{"line":17,"column":4},"end":{"line":17,"column":4}},{"start":{"line":17,"column":4},"end":{"line":17,"column":4}}]},"2":{"line":24,"type":"cond-expr","locations":[{"start":{"line":24,"column":43},"end":{"line":24,"column":57}},{"start":{"line":24,"column":60},"end":{"line":24,"column":63}}]},"3":{"line":30,"type":"if","locations":[{"start":{"line":30,"column":12},"end":{"line":30,"column":12}},{"start":{"line":30,"column":12},"end":{"line":30,"column":12}}]},"4":{"line":47,"type":"binary-expr","locations":[{"start":{"line":47,"column":15},"end":{"line":47,"column":19}},{"start":{"line":47,"column":23},"end":{"line":47,"column":25}}]},"5":{"line":52,"type":"binary-expr","locations":[{"start":{"line":52,"column":20},"end":{"line":52,"column":31}},{"start":{"line":52,"column":35},"end":{"line":52,"column":44}}]},"6":{"line":53,"type":"binary-expr","locations":[{"start":{"line":53,"column":20},"end":{"line":53,"column":31}},{"start":{"line":53,"column":35},"end":{"line":53,"column":44}}]},"7":{"line":58,"type":"if","locations":[{"start":{"line":58,"column":12},"end":{"line":58,"column":12}},{"start":{"line":58,"column":12},"end":{"line":58,"column":12}}]},"8":{"line":66,"type":"if","locations":[{"start":{"line":66,"column":12},"end":{"line":66,"column":12}},{"start":{"line":66,"column":12},"end":{"line":66,"column":12}}]},"9":{"line":66,"type":"binary-expr","locations":[{"start":{"line":66,"column":16},"end":{"line":66,"column":27}},{"start":{"line":66,"column":31},"end":{"line":66,"column":71}}]},"10":{"line":72,"type":"if","locations":[{"start":{"line":72,"column":12},"end":{"line":72,"column":12}},{"start":{"line":72,"column":12},"end":{"line":72,"column":12}}]},"11":{"line":72,"type":"binary-expr","locations":[{"start":{"line":72,"column":16},"end":{"line":72,"column":44}},{"start":{"line":72,"column":48},"end":{"line":72,"column":72}},{"start":{"line":72,"column":76},"end":{"line":72,"column":95}}]},"12":{"line":86,"type":"binary-expr","locations":[{"start":{"line":86,"column":18},"end":{"line":86,"column":25}},{"start":{"line":86,"column":29},"end":{"line":86,"column":31}}]},"13":{"line":88,"type":"if","locations":[{"start":{"line":88,"column":8},"end":{"line":88,"column":8}},{"start":{"line":88,"column":8},"end":{"line":88,"column":8}}]},"14":{"line":93,"type":"cond-expr","locations":[{"start":{"line":94,"column":12},"end":{"line":106,"column":18}},{"start":{"line":107,"column":12},"end":{"line":107,"column":52}}]},"15":{"line":94,"type":"cond-expr","locations":[{"start":{"line":94,"column":48},"end":{"line":94,"column":57}},{"start":{"line":94,"column":60},"end":{"line":94,"column":65}}]},"16":{"line":107,"type":"binary-expr","locations":[{"start":{"line":107,"column":35},"end":{"line":107,"column":39}},{"start":{"line":107,"column":43},"end":{"line":107,"column":45}}]}},"code":["var _ = require('lodash');","var cint = require('cint');","var Promise = require('bluebird');","var npm = Promise.promisifyAll(require('npm'));","var rawPromisify = require('../raw-promisify.js');","var versionUtil  = require('../version-util.js');","var spawn        = require('spawn-please');","","var initialized = false;","","/**"," * @param packageName   Name of the package"," * @param field         Field such as \"versions\" or \"dist-tags.latest\" accepted by npm.commands.view (https://docs.npmjs.com/api/view)"," * @Returns             Promised result"," */","function view(packageName, field) {","    if (!initialized) {","        throw new Error('init must be called before using the version manager');","    }","","    return npm.commands.viewAsync([packageName, field], true)","        .catch(function (err) {","            // normalize 404 errors","            throw err.statusCode === 404 ? new Error(404) : err;","        })","        .then(function (response) {","","            // rare case where npm view returns an empty response","            // https://github.com/tjunnone/npm-check-updates/issues/162","            if (_.isEmpty(response)) {","                throw new Error(404);","            }","","            return _.values(response)[0][field];","        });","}","","module.exports = {","","    /**","     * @param args.global","     * @param args.registry","     * @param args.prefix","     */","    init: function (args) {","","        args = args || {};","","        // use pickBy to eliminate undefined values","        return npm.loadAsync(_.pickBy({","            silent: true,","            global: args.global || undefined,","            prefix: args.prefix || undefined","        }, _.identity))","        .then(function () {","","            // configure registry","            if (args.registry) {","                npm.config.set('registry', args.registry);","            }","","            rawPromisify(npm.commands);","","            // FIX: for ncu -g doesn't work on homebrew or windows #146","            // https://github.com/tjunnone/npm-check-updates/issues/146","            if (args.global && npm.config.get('prefix').match('Cellar')) {","                npm.config.set('prefix', '/usr/local');","            }","","            // Workaround: set prefix on windows for global packages","            // Only needed when using npm api directly","            if (process.platform === 'win32' && npm.config.get('global') && !process.env.prefix) {","                npm.config.set('prefix', process.env.AppData + '\\\\npm');","            }","","            return initialized = true;","        });","    },","","    /**","     * @args    Arguments for npm ls","     * @options.cwd (optional)","    */","    list: function (args, options) {","","        options = options || {};","","        if (!initialized) {","            throw new Error('init must be called before using the version manager');","        }","","        // if packageFile is specified, spawn an npm process so that installed modules can be read from the same directotry as the package file (#201)","        return options.cwd ?","            spawn(process.platform === 'win32'? 'npm.cmd' : 'npm', ['ls', '--json', '-depth=0'], {cwd: options.cwd})","                .then(JSON.parse)","                // transform results into a similar format as the API","                .then(function (results) {","                    return {","                        dependencies: cint.mapObject(results.dependencies, function (name, info) {","                            return cint.keyValue(name, {","                                name: name,","                                version: info.version","                            });","                        })","                    };","                }) :","            npm.commands.listAsync(args || [], true); // silent:true","    },","","    latest: cint.partialAt(view, 1, 'dist-tags.latest'),","","    newest: function (packageName) {","        return view(packageName, 'time')","            .then(_.keys)","            .then(_.last);","    },","","    greatest: function (packageName) {","        return view(packageName, 'versions').then(_.last);","    },","","    greatestMajor: function (packageName, currentVersion) {","        return view(packageName, 'versions').then(function (versions) {","            return versionUtil.findGreatestByLevel(versions, currentVersion, 'major');","        });","    },","    greatestMinor: function (packageName, currentVersion) {","        return view(packageName, 'versions').then(function (versions) {","            return versionUtil.findGreatestByLevel(versions, currentVersion, 'minor');","        });","    }","};",""],"l":{"1":2,"2":2,"3":2,"4":2,"5":0,"6":0,"7":0,"9":0,"16":1,"17":0,"18":0,"21":0,"24":0,"30":0,"31":0,"34":0,"38":0,"47":0,"50":0,"58":0,"59":0,"62":0,"66":0,"67":0,"72":0,"73":0,"76":0,"86":0,"88":0,"89":0,"93":0,"98":0,"100":0,"113":0,"119":0,"123":0,"124":0,"128":0,"129":0}}}